#
# There is insufficient memory for the Java Runtime Environment to continue.
# Native memory allocation (malloc) failed to allocate 1498576 bytes for Chunk::new
# Possible reasons:
#   The system is out of physical RAM or swap space
#   The process is running with CompressedOops enabled, and the Java Heap may be blocking the growth of the native heap
# Possible solutions:
#   Reduce memory load on the system
#   Increase physical memory or swap space
#   Check if swap backing store is full
#   Decrease Java heap size (-Xmx/-Xms)
#   Decrease number of Java threads
#   Decrease Java thread stack sizes (-Xss)
#   Set larger code cache with -XX:ReservedCodeCacheSize=
#   JVM is running with Zero Based Compressed Oops mode in which the Java heap is
#     placed in the first 32GB address space. The Java Heap base address is the
#     maximum limit for the native heap growth. Please use -XX:HeapBaseMinAddress
#     to set the Java Heap base and to place the Java Heap above 32GB virtual address.
# This output file may be truncated or incomplete.
#
#  Out of Memory Error (t:/workspace/open/src/hotspot/share/memory/arena.cpp:196), pid=6884, tid=20952
#
# JRE version: OpenJDK Runtime Environment (13.0.2+8) (build 13.0.2+8)
# Java VM: OpenJDK 64-Bit Server VM (13.0.2+8, mixed mode, sharing, tiered, compressed oops, g1 gc, windows-amd64)
# No core dump will be written. Minidumps are not enabled by default on client versions of Windows
#

---------------  S U M M A R Y ------------

Command Line: -Dmaven.home=EMBEDDED -Dclassworlds.conf=D:\workspace\.metadata\.plugins\org.eclipse.m2e.launching\launches\m2conf1666780891221929891.tmp -Dmaven.multiModuleProjectDirectory=D:\workspace\spring_shop_prac -Djansi.force=true -Djansi.passthrough=true -Dfile.encoding=UTF-8 org.codehaus.plexus.classworlds.launcher.Launcher -Ppom.xml -B install -Dstyle.color=always

Host: Intel(R) Core(TM) i5-1035G7 CPU @ 1.20GHz, 8 cores, 15G,  Windows 10 , 64 bit Build 19041 (10.0.19041.1503)
Time: Thu Feb 24 18:25:28 2022 대한민국 표준시 elapsed time: 12 seconds (0d 0h 0m 12s)

---------------  T H R E A D  ---------------

Current thread (0x000001dd2c18c800):  JavaThread "C2 CompilerThread1" daemon [_thread_in_native, id=20952, stack(0x0000001edc000000,0x0000001edc100000)]


Current CompileTask:
C2:  12898 8423       4       com.sun.tools.javac.comp.Attr::visitSelect (1277 bytes)

Stack: [0x0000001edc000000,0x0000001edc100000]
Native frames: (J=compiled Java code, j=interpreted, Vv=VM code, C=native code)
V  [jvm.dll+0x624f9a]
V  [jvm.dll+0x770cfa]
V  [jvm.dll+0x7724af]
V  [jvm.dll+0x772ab3]
V  [jvm.dll+0x24bf08]
V  [jvm.dll+0xc1e47]
V  [jvm.dll+0xc23cc]
V  [jvm.dll+0x35c0c5]
V  [jvm.dll+0x327803]
V  [jvm.dll+0x326bda]
V  [jvm.dll+0x205c27]
V  [jvm.dll+0x204e3f]
V  [jvm.dll+0x189c2c]
V  [jvm.dll+0x213e6d]
V  [jvm.dll+0x2120bb]
V  [jvm.dll+0x736bb6]
V  [jvm.dll+0x72fcaa]
V  [jvm.dll+0x623ea6]
C  [ucrtbase.dll+0x21bb2]
C  [KERNEL32.DLL+0x17034]
C  [ntdll.dll+0x52651]


---------------  P R O C E S S  ---------------

Threads class SMR info:
_java_thread_list=0x000001dd30fe39f0, length=12, elements={
0x000001dd076bc800, 0x000001dd2b11e000, 0x000001dd2b121000, 0x000001dd2b9d8800,
0x000001dd2b9da000, 0x000001dd2b9dd000, 0x000001dd2b9e3800, 0x000001dd2b148800,
0x000001dd2bb2d800, 0x000001dd2bb3b800, 0x000001dd2c18c800, 0x000001dd2f447800
}

Java Threads: ( => current thread )
  0x000001dd076bc800 JavaThread "main" [_thread_in_vm, id=22028, stack(0x0000001edaf00000,0x0000001edb000000)]
  0x000001dd2b11e000 JavaThread "Reference Handler" daemon [_thread_blocked, id=15940, stack(0x0000001edb600000,0x0000001edb700000)]
  0x000001dd2b121000 JavaThread "Finalizer" daemon [_thread_blocked, id=21004, stack(0x0000001edb700000,0x0000001edb800000)]
  0x000001dd2b9d8800 JavaThread "Signal Dispatcher" daemon [_thread_blocked, id=12568, stack(0x0000001edb800000,0x0000001edb900000)]
  0x000001dd2b9da000 JavaThread "Attach Listener" daemon [_thread_blocked, id=15052, stack(0x0000001edb900000,0x0000001edba00000)]
  0x000001dd2b9dd000 JavaThread "C2 CompilerThread0" daemon [_thread_in_native, id=7728, stack(0x0000001edba00000,0x0000001edbb00000)]
  0x000001dd2b9e3800 JavaThread "C1 CompilerThread0" daemon [_thread_blocked, id=9968, stack(0x0000001edbb00000,0x0000001edbc00000)]
  0x000001dd2b148800 JavaThread "Sweeper thread" daemon [_thread_blocked, id=7888, stack(0x0000001edbc00000,0x0000001edbd00000)]
  0x000001dd2bb2d800 JavaThread "Service Thread" daemon [_thread_blocked, id=13008, stack(0x0000001edbd00000,0x0000001edbe00000)]
  0x000001dd2bb3b800 JavaThread "Common-Cleaner" daemon [_thread_blocked, id=18260, stack(0x0000001edbf00000,0x0000001edc000000)]
=>0x000001dd2c18c800 JavaThread "C2 CompilerThread1" daemon [_thread_in_native, id=20952, stack(0x0000001edc000000,0x0000001edc100000)]
  0x000001dd2f447800 JavaThread "C2 CompilerThread2" daemon [_thread_in_native, id=10256, stack(0x0000001edc700000,0x0000001edc800000)]

Other Threads:
  0x000001dd2b11b000 VMThread "VM Thread" [stack: 0x0000001edb500000,0x0000001edb600000] [id=11588]
  0x000001dd2bb2f000 WatcherThread [stack: 0x0000001edbe00000,0x0000001edbf00000] [id=22416]
  0x000001dd07728000 GCTaskThread "GC Thread#0" [stack: 0x0000001edb000000,0x0000001edb100000] [id=20184]
  0x000001dd2be88800 GCTaskThread "GC Thread#1" [stack: 0x0000001edc200000,0x0000001edc300000] [id=10992]
  0x000001dd2caf4000 GCTaskThread "GC Thread#2" [stack: 0x0000001edc300000,0x0000001edc400000] [id=16132]
  0x000001dd2ccbd000 GCTaskThread "GC Thread#3" [stack: 0x0000001edc400000,0x0000001edc500000] [id=21976]
  0x000001dd2ccbe000 GCTaskThread "GC Thread#4" [stack: 0x0000001edc500000,0x0000001edc600000] [id=11436]
  0x000001dd2d029000 GCTaskThread "GC Thread#5" [stack: 0x0000001edc600000,0x0000001edc700000] [id=14208]
  0x000001dd2d11b800 GCTaskThread "GC Thread#6" [stack: 0x0000001edca00000,0x0000001edcb00000] [id=14104]
  0x000001dd07749800 ConcurrentGCThread "G1 Main Marker" [stack: 0x0000001edb100000,0x0000001edb200000] [id=17612]
  0x000001dd0774b800 ConcurrentGCThread "G1 Conc#0" [stack: 0x0000001edb200000,0x0000001edb300000] [id=22020]
  0x000001dd2d85e800 ConcurrentGCThread "G1 Conc#1" [stack: 0x0000001edc800000,0x0000001edc900000] [id=20260]
  0x000001dd2b015800 ConcurrentGCThread "G1 Refine#0" [stack: 0x0000001edb300000,0x0000001edb400000] [id=11124]
  0x000001dd2fb14800 ConcurrentGCThread "G1 Refine#1" [stack: 0x0000001edc100000,0x0000001edc200000] [id=9288]
  0x000001dd31083000 ConcurrentGCThread "G1 Refine#2" [stack: 0x0000001edc900000,0x0000001edca00000] [id=22304]
  0x000001dd2b017800 ConcurrentGCThread "G1 Young RemSet Sampling" [stack: 0x0000001edb400000,0x0000001edb500000] [id=9708]

Threads with active compile tasks:
C2 CompilerThread0    12934 8394   !   4       lombok.core.AST::buildWithField0 (121 bytes)
C2 CompilerThread1    12935 8423       4       com.sun.tools.javac.comp.Attr::visitSelect (1277 bytes)
C2 CompilerThread2    12935 8659   !   4       sun.nio.cs.ISO_8859_1$Decoder::decodeArrayLoop (263 bytes)

VM state:not at safepoint (normal execution)

VM Mutex/Monitor currently owned by a thread: None

Heap address: 0x0000000704200000, size: 4030 MB, Compressed Oops mode: Zero based, Oop shift amount: 3
Narrow klass base: 0x0000000800000000, Narrow klass shift: 3
Compressed class space size: 1073741824 Address: 0x0000000800b40000

Heap:
 garbage-first heap   total 307200K, used 117020K [0x0000000704200000, 0x0000000800000000)
  region size 1024K, 42 young (43008K), 16 survivors (16384K)
 Metaspace       used 32916K, capacity 33963K, committed 34096K, reserved 1079296K
  class space    used 3529K, capacity 3931K, committed 3968K, reserved 1048576K
Heap Regions: E=young(eden), S=young(survivor), O=old, HS=humongous(starts), HC=humongous(continues), CS=collection set, F=free, A=archive, TAMS=top-at-mark-start (previous, next)
|   0|0x0000000704200000, 0x0000000704300000, 0x0000000704300000|100%| O|  |TAMS 0x0000000704300000, 0x0000000704200000| Untracked 
|   1|0x0000000704300000, 0x0000000704400000, 0x0000000704400000|100%| O|  |TAMS 0x0000000704300000, 0x0000000704300000| Untracked 
|   2|0x0000000704400000, 0x0000000704500000, 0x0000000704500000|100%| O|  |TAMS 0x0000000704500000, 0x0000000704400000| Untracked 
|   3|0x0000000704500000, 0x0000000704600000, 0x0000000704600000|100%| O|  |TAMS 0x0000000704600000, 0x0000000704500000| Untracked 
|   4|0x0000000704600000, 0x0000000704700000, 0x0000000704700000|100%| O|  |TAMS 0x0000000704600000, 0x0000000704600000| Untracked 
|   5|0x0000000704700000, 0x0000000704800000, 0x0000000704800000|100%|HS|  |TAMS 0x0000000704800000, 0x0000000704700000| Complete 
|   6|0x0000000704800000, 0x0000000704900000, 0x0000000704900000|100%| O|  |TAMS 0x0000000704900000, 0x0000000704800000| Untracked 
|   7|0x0000000704900000, 0x0000000704a00000, 0x0000000704a00000|100%| O|  |TAMS 0x0000000704a00000, 0x0000000704900000| Untracked 
|   8|0x0000000704a00000, 0x0000000704b00000, 0x0000000704b00000|100%| O|  |TAMS 0x0000000704b00000, 0x0000000704a00000| Untracked 
|   9|0x0000000704b00000, 0x0000000704c00000, 0x0000000704c00000|100%| O|  |TAMS 0x0000000704c00000, 0x0000000704b00000| Untracked 
|  10|0x0000000704c00000, 0x0000000704d00000, 0x0000000704d00000|100%| O|  |TAMS 0x0000000704d00000, 0x0000000704c00000| Untracked 
|  11|0x0000000704d00000, 0x0000000704e00000, 0x0000000704e00000|100%| O|  |TAMS 0x0000000704e00000, 0x0000000704d00000| Untracked 
|  12|0x0000000704e00000, 0x0000000704f00000, 0x0000000704f00000|100%| O|  |TAMS 0x0000000704f00000, 0x0000000704e00000| Untracked 
|  13|0x0000000704f00000, 0x0000000705000000, 0x0000000705000000|100%| O|  |TAMS 0x0000000705000000, 0x0000000704f00000| Untracked 
|  14|0x0000000705000000, 0x0000000705100000, 0x0000000705100000|100%| O|  |TAMS 0x0000000705100000, 0x0000000705000000| Untracked 
|  15|0x0000000705100000, 0x0000000705200000, 0x0000000705200000|100%| O|  |TAMS 0x0000000705200000, 0x0000000705100000| Untracked 
|  16|0x0000000705200000, 0x0000000705300000, 0x0000000705300000|100%| O|  |TAMS 0x0000000705300000, 0x0000000705200000| Untracked 
|  17|0x0000000705300000, 0x0000000705400000, 0x0000000705400000|100%| O|  |TAMS 0x0000000705300000, 0x0000000705300000| Untracked 
|  18|0x0000000705400000, 0x0000000705500000, 0x0000000705500000|100%|HS|  |TAMS 0x0000000705400000, 0x0000000705400000| Complete 
|  19|0x0000000705500000, 0x0000000705600000, 0x0000000705600000|100%| O|  |TAMS 0x0000000705600000, 0x0000000705500000| Untracked 
|  20|0x0000000705600000, 0x0000000705700000, 0x0000000705700000|100%| O|  |TAMS 0x0000000705700000, 0x0000000705600000| Untracked 
|  21|0x0000000705700000, 0x0000000705800000, 0x0000000705800000|100%| O|  |TAMS 0x0000000705800000, 0x0000000705700000| Untracked 
|  22|0x0000000705800000, 0x0000000705900000, 0x0000000705900000|100%| O|  |TAMS 0x0000000705900000, 0x0000000705800000| Untracked 
|  23|0x0000000705900000, 0x0000000705a00000, 0x0000000705a00000|100%| O|  |TAMS 0x0000000705900000, 0x0000000705900000| Untracked 
|  24|0x0000000705a00000, 0x0000000705b00000, 0x0000000705b00000|100%| O|  |TAMS 0x0000000705a00000, 0x0000000705a00000| Untracked 
|  25|0x0000000705b00000, 0x0000000705c00000, 0x0000000705c00000|100%| O|  |TAMS 0x0000000705b00000, 0x0000000705b00000| Untracked 
|  26|0x0000000705c00000, 0x0000000705d00000, 0x0000000705d00000|100%| O|  |TAMS 0x0000000705c00000, 0x0000000705c00000| Untracked 
|  27|0x0000000705d00000, 0x0000000705e00000, 0x0000000705e00000|100%| O|  |TAMS 0x0000000705e00000, 0x0000000705d00000| Untracked 
|  28|0x0000000705e00000, 0x0000000705f00000, 0x0000000705f00000|100%| O|  |TAMS 0x0000000705f00000, 0x0000000705e00000| Untracked 
|  29|0x0000000705f00000, 0x0000000706000000, 0x0000000706000000|100%| O|  |TAMS 0x0000000706000000, 0x0000000705f00000| Untracked 
|  30|0x0000000706000000, 0x0000000706100000, 0x0000000706100000|100%| O|  |TAMS 0x0000000706000000, 0x0000000706000000| Untracked 
|  31|0x0000000706100000, 0x0000000706200000, 0x0000000706200000|100%| O|  |TAMS 0x0000000706100000, 0x0000000706100000| Untracked 
|  32|0x0000000706200000, 0x0000000706300000, 0x0000000706300000|100%| O|  |TAMS 0x0000000706300000, 0x0000000706200000| Untracked 
|  33|0x0000000706300000, 0x0000000706400000, 0x0000000706400000|100%| O|  |TAMS 0x0000000706300000, 0x0000000706300000| Untracked 
|  34|0x0000000706400000, 0x0000000706500000, 0x0000000706500000|100%| O|  |TAMS 0x0000000706400000, 0x0000000706400000| Untracked 
|  35|0x0000000706500000, 0x0000000706600000, 0x0000000706600000|100%| O|  |TAMS 0x0000000706600000, 0x0000000706500000| Untracked 
|  36|0x0000000706600000, 0x0000000706700000, 0x0000000706700000|100%| O|  |TAMS 0x0000000706600000, 0x0000000706600000| Untracked 
|  37|0x0000000706700000, 0x0000000706800000, 0x0000000706800000|100%|HS|  |TAMS 0x0000000706800000, 0x0000000706700000| Complete 
|  38|0x0000000706800000, 0x0000000706900000, 0x0000000706900000|100%| O|  |TAMS 0x0000000706800000, 0x0000000706800000| Untracked 
|  39|0x0000000706900000, 0x0000000706a00000, 0x0000000706a00000|100%| O|  |TAMS 0x0000000706900000, 0x0000000706900000| Untracked 
|  40|0x0000000706a00000, 0x0000000706b00000, 0x0000000706b00000|100%| O|  |TAMS 0x0000000706a00000, 0x0000000706a00000| Untracked 
|  41|0x0000000706b00000, 0x0000000706c00000, 0x0000000706c00000|100%| O|  |TAMS 0x0000000706b00000, 0x0000000706b00000| Untracked 
|  42|0x0000000706c00000, 0x0000000706d00000, 0x0000000706d00000|100%| O|  |TAMS 0x0000000706c00000, 0x0000000706c00000| Untracked 
|  43|0x0000000706d00000, 0x0000000706e00000, 0x0000000706e00000|100%| O|  |TAMS 0x0000000706d88a00, 0x0000000706d00000| Untracked 
|  44|0x0000000706e00000, 0x0000000706f00000, 0x0000000706f00000|100%| O|  |TAMS 0x0000000706e00000, 0x0000000706e00000| Untracked 
|  45|0x0000000706f00000, 0x0000000707000000, 0x0000000707000000|100%| O|  |TAMS 0x0000000706f00000, 0x0000000706f00000| Untracked 
|  46|0x0000000707000000, 0x0000000707100000, 0x0000000707100000|100%| O|  |TAMS 0x0000000707000000, 0x0000000707000000| Untracked 
|  47|0x0000000707100000, 0x0000000707200000, 0x0000000707200000|100%| O|  |TAMS 0x0000000707100000, 0x0000000707100000| Untracked 
|  48|0x0000000707200000, 0x0000000707300000, 0x0000000707300000|100%| O|  |TAMS 0x0000000707200000, 0x0000000707200000| Untracked 
|  49|0x0000000707300000, 0x0000000707400000, 0x0000000707400000|100%| O|  |TAMS 0x0000000707300000, 0x0000000707300000| Untracked 
|  50|0x0000000707400000, 0x0000000707500000, 0x0000000707500000|100%| O|  |TAMS 0x0000000707400000, 0x0000000707400000| Untracked 
|  51|0x0000000707500000, 0x0000000707600000, 0x0000000707600000|100%| O|  |TAMS 0x0000000707500000, 0x0000000707500000| Untracked 
|  52|0x0000000707600000, 0x0000000707700000, 0x0000000707700000|100%| O|  |TAMS 0x0000000707600000, 0x0000000707600000| Untracked 
|  53|0x0000000707700000, 0x0000000707800000, 0x0000000707800000|100%| O|  |TAMS 0x0000000707700000, 0x0000000707700000| Untracked 
|  54|0x0000000707800000, 0x0000000707900000, 0x0000000707900000|100%| O|  |TAMS 0x0000000707800000, 0x0000000707800000| Untracked 
|  55|0x0000000707900000, 0x0000000707a00000, 0x0000000707a00000|100%| O|  |TAMS 0x0000000707900000, 0x0000000707900000| Untracked 
|  56|0x0000000707a00000, 0x0000000707b00000, 0x0000000707b00000|100%| O|  |TAMS 0x0000000707a00000, 0x0000000707a00000| Untracked 
|  57|0x0000000707b00000, 0x0000000707c00000, 0x0000000707c00000|100%| O|  |TAMS 0x0000000707b00000, 0x0000000707b00000| Untracked 
|  58|0x0000000707c00000, 0x0000000707d00000, 0x0000000707d00000|100%| O|  |TAMS 0x0000000707c00000, 0x0000000707c00000| Untracked 
|  59|0x0000000707d00000, 0x0000000707e00000, 0x0000000707e00000|100%| O|  |TAMS 0x0000000707d00000, 0x0000000707d00000| Untracked 
|  60|0x0000000707e00000, 0x0000000707f00000, 0x0000000707f00000|100%|HS|  |TAMS 0x0000000707e00000, 0x0000000707e00000| Complete 
|  61|0x0000000707f00000, 0x0000000708000000, 0x0000000708000000|100%|HC|  |TAMS 0x0000000707f00000, 0x0000000707f00000| Complete 
|  62|0x0000000708000000, 0x0000000708100000, 0x0000000708100000|100%| O|  |TAMS 0x0000000708000000, 0x0000000708000000| Untracked 
|  63|0x0000000708100000, 0x0000000708200000, 0x0000000708200000|100%|HS|  |TAMS 0x0000000708100000, 0x0000000708100000| Complete 
|  64|0x0000000708200000, 0x0000000708300000, 0x0000000708300000|100%|HS|  |TAMS 0x0000000708200000, 0x0000000708200000| Complete 
|  65|0x0000000708300000, 0x0000000708400000, 0x0000000708400000|100%| O|  |TAMS 0x0000000708300000, 0x0000000708300000| Untracked 
|  66|0x0000000708400000, 0x0000000708500000, 0x0000000708500000|100%| O|  |TAMS 0x0000000708400000, 0x0000000708400000| Untracked 
|  67|0x0000000708500000, 0x0000000708600000, 0x0000000708600000|100%| O|  |TAMS 0x0000000708500000, 0x0000000708500000| Untracked 
|  68|0x0000000708600000, 0x0000000708700000, 0x0000000708700000|100%| O|  |TAMS 0x0000000708600000, 0x0000000708600000| Untracked 
|  69|0x0000000708700000, 0x0000000708800000, 0x0000000708800000|100%| O|  |TAMS 0x0000000708700000, 0x0000000708700000| Untracked 
|  70|0x0000000708800000, 0x0000000708900000, 0x0000000708900000|100%| O|  |TAMS 0x0000000708800000, 0x0000000708800000| Untracked 
|  71|0x0000000708900000, 0x0000000708a00000, 0x0000000708a00000|100%| O|  |TAMS 0x0000000708900000, 0x0000000708900000| Untracked 
|  72|0x0000000708a00000, 0x0000000708b00000, 0x0000000708b00000|100%| O|  |TAMS 0x0000000708a00000, 0x0000000708a00000| Untracked 
|  73|0x0000000708b00000, 0x0000000708b47000, 0x0000000708c00000| 27%| O|  |TAMS 0x0000000708b00000, 0x0000000708b00000| Untracked 
|  74|0x0000000708c00000, 0x0000000708c00000, 0x0000000708d00000|  0%| F|  |TAMS 0x0000000708c00000, 0x0000000708c00000| Untracked 
|  75|0x0000000708d00000, 0x0000000708d00000, 0x0000000708e00000|  0%| F|  |TAMS 0x0000000708d00000, 0x0000000708d00000| Untracked 
|  76|0x0000000708e00000, 0x0000000708e00000, 0x0000000708f00000|  0%| F|  |TAMS 0x0000000708e00000, 0x0000000708e00000| Untracked 
|  77|0x0000000708f00000, 0x0000000708f00000, 0x0000000709000000|  0%| F|  |TAMS 0x0000000708f00000, 0x0000000708f00000| Untracked 
|  78|0x0000000709000000, 0x0000000709000000, 0x0000000709100000|  0%| F|  |TAMS 0x0000000709000000, 0x0000000709000000| Untracked 
|  79|0x0000000709100000, 0x0000000709100000, 0x0000000709200000|  0%| F|  |TAMS 0x0000000709100000, 0x0000000709100000| Untracked 
|  80|0x0000000709200000, 0x0000000709200000, 0x0000000709300000|  0%| F|  |TAMS 0x0000000709200000, 0x0000000709200000| Untracked 
|  81|0x0000000709300000, 0x0000000709300000, 0x0000000709400000|  0%| F|  |TAMS 0x0000000709300000, 0x0000000709300000| Untracked 
|  82|0x0000000709400000, 0x0000000709400000, 0x0000000709500000|  0%| F|  |TAMS 0x0000000709400000, 0x0000000709400000| Untracked 
|  83|0x0000000709500000, 0x0000000709500000, 0x0000000709600000|  0%| F|  |TAMS 0x0000000709500000, 0x0000000709500000| Untracked 
|  84|0x0000000709600000, 0x0000000709600000, 0x0000000709700000|  0%| F|  |TAMS 0x0000000709600000, 0x0000000709600000| Untracked 
|  85|0x0000000709700000, 0x0000000709700000, 0x0000000709800000|  0%| F|  |TAMS 0x0000000709700000, 0x0000000709700000| Untracked 
|  86|0x0000000709800000, 0x0000000709800000, 0x0000000709900000|  0%| F|  |TAMS 0x0000000709800000, 0x0000000709800000| Untracked 
|  87|0x0000000709900000, 0x0000000709900000, 0x0000000709a00000|  0%| F|  |TAMS 0x0000000709900000, 0x0000000709900000| Untracked 
|  88|0x0000000709a00000, 0x0000000709a00000, 0x0000000709b00000|  0%| F|  |TAMS 0x0000000709a00000, 0x0000000709a00000| Untracked 
|  89|0x0000000709b00000, 0x0000000709b00000, 0x0000000709c00000|  0%| F|  |TAMS 0x0000000709b00000, 0x0000000709b00000| Untracked 
|  90|0x0000000709c00000, 0x0000000709c00000, 0x0000000709d00000|  0%| F|  |TAMS 0x0000000709c00000, 0x0000000709c00000| Untracked 
|  91|0x0000000709d00000, 0x0000000709d00000, 0x0000000709e00000|  0%| F|  |TAMS 0x0000000709d00000, 0x0000000709d00000| Untracked 
|  92|0x0000000709e00000, 0x0000000709e00000, 0x0000000709f00000|  0%| F|  |TAMS 0x0000000709e00000, 0x0000000709e00000| Untracked 
|  93|0x0000000709f00000, 0x0000000709f00000, 0x000000070a000000|  0%| F|  |TAMS 0x0000000709f00000, 0x0000000709f00000| Untracked 
|  94|0x000000070a000000, 0x000000070a000000, 0x000000070a100000|  0%| F|  |TAMS 0x000000070a000000, 0x000000070a000000| Untracked 
|  95|0x000000070a100000, 0x000000070a100000, 0x000000070a200000|  0%| F|  |TAMS 0x000000070a100000, 0x000000070a100000| Untracked 
|  96|0x000000070a200000, 0x000000070a200000, 0x000000070a300000|  0%| F|  |TAMS 0x000000070a200000, 0x000000070a200000| Untracked 
|  97|0x000000070a300000, 0x000000070a300000, 0x000000070a400000|  0%| F|  |TAMS 0x000000070a300000, 0x000000070a300000| Untracked 
|  98|0x000000070a400000, 0x000000070a400000, 0x000000070a500000|  0%| F|  |TAMS 0x000000070a400000, 0x000000070a400000| Untracked 
|  99|0x000000070a500000, 0x000000070a500000, 0x000000070a600000|  0%| F|  |TAMS 0x000000070a500000, 0x000000070a500000| Untracked 
| 100|0x000000070a600000, 0x000000070a600000, 0x000000070a700000|  0%| F|  |TAMS 0x000000070a600000, 0x000000070a600000| Untracked 
| 101|0x000000070a700000, 0x000000070a700000, 0x000000070a800000|  0%| F|  |TAMS 0x000000070a700000, 0x000000070a700000| Untracked 
| 102|0x000000070a800000, 0x000000070a800000, 0x000000070a900000|  0%| F|  |TAMS 0x000000070a800000, 0x000000070a800000| Untracked 
| 103|0x000000070a900000, 0x000000070a900000, 0x000000070aa00000|  0%| F|  |TAMS 0x000000070a900000, 0x000000070a900000| Untracked 
| 104|0x000000070aa00000, 0x000000070aa00000, 0x000000070ab00000|  0%| F|  |TAMS 0x000000070aa00000, 0x000000070aa00000| Untracked 
| 105|0x000000070ab00000, 0x000000070ab00000, 0x000000070ac00000|  0%| F|  |TAMS 0x000000070ab00000, 0x000000070ab00000| Untracked 
| 106|0x000000070ac00000, 0x000000070ac00000, 0x000000070ad00000|  0%| F|  |TAMS 0x000000070ac00000, 0x000000070ac00000| Untracked 
| 107|0x000000070ad00000, 0x000000070ad00000, 0x000000070ae00000|  0%| F|  |TAMS 0x000000070ad00000, 0x000000070ad00000| Untracked 
| 108|0x000000070ae00000, 0x000000070ae00000, 0x000000070af00000|  0%| F|  |TAMS 0x000000070ae00000, 0x000000070ae00000| Untracked 
| 109|0x000000070af00000, 0x000000070af00000, 0x000000070b000000|  0%| F|  |TAMS 0x000000070af00000, 0x000000070af00000| Untracked 
| 110|0x000000070b000000, 0x000000070b000000, 0x000000070b100000|  0%| F|  |TAMS 0x000000070b000000, 0x000000070b000000| Untracked 
| 111|0x000000070b100000, 0x000000070b100000, 0x000000070b200000|  0%| F|  |TAMS 0x000000070b100000, 0x000000070b100000| Untracked 
| 112|0x000000070b200000, 0x000000070b200000, 0x000000070b300000|  0%| F|  |TAMS 0x000000070b200000, 0x000000070b200000| Untracked 
| 113|0x000000070b300000, 0x000000070b300000, 0x000000070b400000|  0%| F|  |TAMS 0x000000070b300000, 0x000000070b300000| Untracked 
| 114|0x000000070b400000, 0x000000070b400000, 0x000000070b500000|  0%| F|  |TAMS 0x000000070b400000, 0x000000070b400000| Untracked 
| 115|0x000000070b500000, 0x000000070b500000, 0x000000070b600000|  0%| F|  |TAMS 0x000000070b500000, 0x000000070b500000| Untracked 
| 116|0x000000070b600000, 0x000000070b600000, 0x000000070b700000|  0%| F|  |TAMS 0x000000070b600000, 0x000000070b600000| Untracked 
| 117|0x000000070b700000, 0x000000070b700000, 0x000000070b800000|  0%| F|  |TAMS 0x000000070b700000, 0x000000070b700000| Untracked 
| 118|0x000000070b800000, 0x000000070b800000, 0x000000070b900000|  0%| F|  |TAMS 0x000000070b800000, 0x000000070b800000| Untracked 
| 119|0x000000070b900000, 0x000000070b900000, 0x000000070ba00000|  0%| F|  |TAMS 0x000000070b900000, 0x000000070b900000| Untracked 
| 120|0x000000070ba00000, 0x000000070ba00000, 0x000000070bb00000|  0%| F|  |TAMS 0x000000070ba00000, 0x000000070ba00000| Untracked 
| 121|0x000000070bb00000, 0x000000070bb00000, 0x000000070bc00000|  0%| F|  |TAMS 0x000000070bb00000, 0x000000070bb00000| Untracked 
| 122|0x000000070bc00000, 0x000000070bc00000, 0x000000070bd00000|  0%| F|  |TAMS 0x000000070bc00000, 0x000000070bc00000| Untracked 
| 123|0x000000070bd00000, 0x000000070bd00000, 0x000000070be00000|  0%| F|  |TAMS 0x000000070bd00000, 0x000000070bd00000| Untracked 
| 124|0x000000070be00000, 0x000000070be00000, 0x000000070bf00000|  0%| F|  |TAMS 0x000000070be00000, 0x000000070be00000| Untracked 
| 125|0x000000070bf00000, 0x000000070bf00000, 0x000000070c000000|  0%| F|  |TAMS 0x000000070bf00000, 0x000000070bf00000| Untracked 
| 126|0x000000070c000000, 0x000000070c000000, 0x000000070c100000|  0%| F|  |TAMS 0x000000070c000000, 0x000000070c000000| Untracked 
| 127|0x000000070c100000, 0x000000070c100000, 0x000000070c200000|  0%| F|  |TAMS 0x000000070c100000, 0x000000070c100000| Untracked 
| 128|0x000000070c200000, 0x000000070c200000, 0x000000070c300000|  0%| F|  |TAMS 0x000000070c200000, 0x000000070c200000| Untracked 
| 129|0x000000070c300000, 0x000000070c300000, 0x000000070c400000|  0%| F|  |TAMS 0x000000070c300000, 0x000000070c300000| Untracked 
| 130|0x000000070c400000, 0x000000070c400000, 0x000000070c500000|  0%| F|  |TAMS 0x000000070c400000, 0x000000070c400000| Untracked 
| 131|0x000000070c500000, 0x000000070c500000, 0x000000070c600000|  0%| F|  |TAMS 0x000000070c500000, 0x000000070c500000| Untracked 
| 132|0x000000070c600000, 0x000000070c600000, 0x000000070c700000|  0%| F|  |TAMS 0x000000070c600000, 0x000000070c600000| Untracked 
| 133|0x000000070c700000, 0x000000070c700000, 0x000000070c800000|  0%| F|  |TAMS 0x000000070c700000, 0x000000070c700000| Untracked 
| 134|0x000000070c800000, 0x000000070c800000, 0x000000070c900000|  0%| F|  |TAMS 0x000000070c800000, 0x000000070c800000| Untracked 
| 135|0x000000070c900000, 0x000000070c900000, 0x000000070ca00000|  0%| F|  |TAMS 0x000000070c900000, 0x000000070c900000| Untracked 
| 136|0x000000070ca00000, 0x000000070ca00000, 0x000000070cb00000|  0%| F|  |TAMS 0x000000070ca00000, 0x000000070ca00000| Untracked 
| 137|0x000000070cb00000, 0x000000070cb00000, 0x000000070cc00000|  0%| F|  |TAMS 0x000000070cb00000, 0x000000070cb00000| Untracked 
| 138|0x000000070cc00000, 0x000000070cc00000, 0x000000070cd00000|  0%| F|  |TAMS 0x000000070cc00000, 0x000000070cc00000| Untracked 
| 139|0x000000070cd00000, 0x000000070cd00000, 0x000000070ce00000|  0%| F|  |TAMS 0x000000070cd00000, 0x000000070cd00000| Untracked 
| 140|0x000000070ce00000, 0x000000070ce00000, 0x000000070cf00000|  0%| F|  |TAMS 0x000000070ce00000, 0x000000070ce00000| Untracked 
| 141|0x000000070cf00000, 0x000000070cf00000, 0x000000070d000000|  0%| F|  |TAMS 0x000000070cf00000, 0x000000070cf00000| Untracked 
| 142|0x000000070d000000, 0x000000070d000000, 0x000000070d100000|  0%| F|  |TAMS 0x000000070d000000, 0x000000070d000000| Untracked 
| 143|0x000000070d100000, 0x000000070d100000, 0x000000070d200000|  0%| F|  |TAMS 0x000000070d100000, 0x000000070d100000| Untracked 
| 144|0x000000070d200000, 0x000000070d200000, 0x000000070d300000|  0%| F|  |TAMS 0x000000070d200000, 0x000000070d200000| Untracked 
| 145|0x000000070d300000, 0x000000070d300000, 0x000000070d400000|  0%| F|  |TAMS 0x000000070d300000, 0x000000070d300000| Untracked 
| 146|0x000000070d400000, 0x000000070d400000, 0x000000070d500000|  0%| F|  |TAMS 0x000000070d400000, 0x000000070d400000| Untracked 
| 147|0x000000070d500000, 0x000000070d500000, 0x000000070d600000|  0%| F|  |TAMS 0x000000070d500000, 0x000000070d500000| Untracked 
| 148|0x000000070d600000, 0x000000070d600000, 0x000000070d700000|  0%| F|  |TAMS 0x000000070d600000, 0x000000070d600000| Untracked 
| 149|0x000000070d700000, 0x000000070d700000, 0x000000070d800000|  0%| F|  |TAMS 0x000000070d700000, 0x000000070d700000| Untracked 
| 150|0x000000070d800000, 0x000000070d800000, 0x000000070d900000|  0%| F|  |TAMS 0x000000070d800000, 0x000000070d800000| Untracked 
| 151|0x000000070d900000, 0x000000070d900000, 0x000000070da00000|  0%| F|  |TAMS 0x000000070d900000, 0x000000070d900000| Untracked 
| 152|0x000000070da00000, 0x000000070da00000, 0x000000070db00000|  0%| F|  |TAMS 0x000000070da00000, 0x000000070da00000| Untracked 
| 153|0x000000070db00000, 0x000000070db00000, 0x000000070dc00000|  0%| F|  |TAMS 0x000000070db00000, 0x000000070db00000| Untracked 
| 154|0x000000070dc00000, 0x000000070dc00000, 0x000000070dd00000|  0%| F|  |TAMS 0x000000070dc00000, 0x000000070dc00000| Untracked 
| 155|0x000000070dd00000, 0x000000070dd00000, 0x000000070de00000|  0%| F|  |TAMS 0x000000070dd00000, 0x000000070dd00000| Untracked 
| 156|0x000000070de00000, 0x000000070de00000, 0x000000070df00000|  0%| F|  |TAMS 0x000000070de00000, 0x000000070de00000| Untracked 
| 157|0x000000070df00000, 0x000000070df00000, 0x000000070e000000|  0%| F|  |TAMS 0x000000070df00000, 0x000000070df00000| Untracked 
| 158|0x000000070e000000, 0x000000070e000000, 0x000000070e100000|  0%| F|  |TAMS 0x000000070e000000, 0x000000070e000000| Untracked 
| 159|0x000000070e100000, 0x000000070e100000, 0x000000070e200000|  0%| F|  |TAMS 0x000000070e100000, 0x000000070e100000| Untracked 
| 160|0x000000070e200000, 0x000000070e200000, 0x000000070e300000|  0%| F|  |TAMS 0x000000070e200000, 0x000000070e200000| Untracked 
| 161|0x000000070e300000, 0x000000070e300000, 0x000000070e400000|  0%| F|  |TAMS 0x000000070e300000, 0x000000070e300000| Untracked 
| 162|0x000000070e400000, 0x000000070e400000, 0x000000070e500000|  0%| F|  |TAMS 0x000000070e400000, 0x000000070e400000| Untracked 
| 163|0x000000070e500000, 0x000000070e500000, 0x000000070e600000|  0%| F|  |TAMS 0x000000070e500000, 0x000000070e500000| Untracked 
| 164|0x000000070e600000, 0x000000070e600000, 0x000000070e700000|  0%| F|  |TAMS 0x000000070e600000, 0x000000070e600000| Untracked 
| 165|0x000000070e700000, 0x000000070e700000, 0x000000070e800000|  0%| F|  |TAMS 0x000000070e700000, 0x000000070e700000| Untracked 
| 166|0x000000070e800000, 0x000000070e900000, 0x000000070e900000|100%| S|CS|TAMS 0x000000070e800000, 0x000000070e800000| Complete 
| 167|0x000000070e900000, 0x000000070ea00000, 0x000000070ea00000|100%| S|CS|TAMS 0x000000070e900000, 0x000000070e900000| Complete 
| 168|0x000000070ea00000, 0x000000070eb00000, 0x000000070eb00000|100%| S|CS|TAMS 0x000000070ea00000, 0x000000070ea00000| Complete 
| 169|0x000000070eb00000, 0x000000070ec00000, 0x000000070ec00000|100%| S|CS|TAMS 0x000000070eb00000, 0x000000070eb00000| Complete 
| 170|0x000000070ec00000, 0x000000070ed00000, 0x000000070ed00000|100%| S|CS|TAMS 0x000000070ec00000, 0x000000070ec00000| Complete 
| 171|0x000000070ed00000, 0x000000070ee00000, 0x000000070ee00000|100%| S|CS|TAMS 0x000000070ed00000, 0x000000070ed00000| Complete 
| 172|0x000000070ee00000, 0x000000070ef00000, 0x000000070ef00000|100%| S|CS|TAMS 0x000000070ee00000, 0x000000070ee00000| Complete 
| 173|0x000000070ef00000, 0x000000070f000000, 0x000000070f000000|100%| S|CS|TAMS 0x000000070ef00000, 0x000000070ef00000| Complete 
| 174|0x000000070f000000, 0x000000070f100000, 0x000000070f100000|100%| S|CS|TAMS 0x000000070f000000, 0x000000070f000000| Complete 
| 175|0x000000070f100000, 0x000000070f200000, 0x000000070f200000|100%| S|CS|TAMS 0x000000070f100000, 0x000000070f100000| Complete 
| 176|0x000000070f200000, 0x000000070f300000, 0x000000070f300000|100%| S|CS|TAMS 0x000000070f200000, 0x000000070f200000| Complete 
| 177|0x000000070f300000, 0x000000070f400000, 0x000000070f400000|100%| S|CS|TAMS 0x000000070f300000, 0x000000070f300000| Complete 
| 178|0x000000070f400000, 0x000000070f500000, 0x000000070f500000|100%| S|CS|TAMS 0x000000070f400000, 0x000000070f400000| Complete 
| 179|0x000000070f500000, 0x000000070f600000, 0x000000070f600000|100%| S|CS|TAMS 0x000000070f500000, 0x000000070f500000| Complete 
| 180|0x000000070f600000, 0x000000070f700000, 0x000000070f700000|100%| S|CS|TAMS 0x000000070f600000, 0x000000070f600000| Complete 
| 181|0x000000070f700000, 0x000000070f800000, 0x000000070f800000|100%| S|CS|TAMS 0x000000070f700000, 0x000000070f700000| Complete 
| 182|0x000000070f800000, 0x000000070f800000, 0x000000070f900000|  0%| F|  |TAMS 0x000000070f800000, 0x000000070f800000| Untracked 
| 183|0x000000070f900000, 0x000000070f900000, 0x000000070fa00000|  0%| F|  |TAMS 0x000000070f900000, 0x000000070f900000| Untracked 
| 184|0x000000070fa00000, 0x000000070fa00000, 0x000000070fb00000|  0%| F|  |TAMS 0x000000070fa00000, 0x000000070fa00000| Untracked 
| 185|0x000000070fb00000, 0x000000070fb00000, 0x000000070fc00000|  0%| F|  |TAMS 0x000000070fb00000, 0x000000070fb00000| Untracked 
| 186|0x000000070fc00000, 0x000000070fc00000, 0x000000070fd00000|  0%| F|  |TAMS 0x000000070fc00000, 0x000000070fc00000| Untracked 
| 187|0x000000070fd00000, 0x000000070fd00000, 0x000000070fe00000|  0%| F|  |TAMS 0x000000070fd00000, 0x000000070fd00000| Untracked 
| 188|0x000000070fe00000, 0x000000070fe00000, 0x000000070ff00000|  0%| F|  |TAMS 0x000000070fe00000, 0x000000070fe00000| Untracked 
| 189|0x000000070ff00000, 0x000000070ff00000, 0x0000000710000000|  0%| F|  |TAMS 0x000000070ff00000, 0x000000070ff00000| Untracked 
| 190|0x0000000710000000, 0x0000000710000000, 0x0000000710100000|  0%| F|  |TAMS 0x0000000710000000, 0x0000000710000000| Untracked 
| 191|0x0000000710100000, 0x0000000710100000, 0x0000000710200000|  0%| F|  |TAMS 0x0000000710100000, 0x0000000710100000| Untracked 
| 192|0x0000000710200000, 0x0000000710200000, 0x0000000710300000|  0%| F|  |TAMS 0x0000000710200000, 0x0000000710200000| Untracked 
| 193|0x0000000710300000, 0x0000000710300000, 0x0000000710400000|  0%| F|  |TAMS 0x0000000710300000, 0x0000000710300000| Untracked 
| 194|0x0000000710400000, 0x0000000710400000, 0x0000000710500000|  0%| F|  |TAMS 0x0000000710400000, 0x0000000710400000| Untracked 
| 195|0x0000000710500000, 0x0000000710500000, 0x0000000710600000|  0%| F|  |TAMS 0x0000000710500000, 0x0000000710500000| Untracked 
| 196|0x0000000710600000, 0x0000000710600000, 0x0000000710700000|  0%| F|  |TAMS 0x0000000710600000, 0x0000000710600000| Untracked 
| 197|0x0000000710700000, 0x0000000710700000, 0x0000000710800000|  0%| F|  |TAMS 0x0000000710700000, 0x0000000710700000| Untracked 
| 198|0x0000000710800000, 0x0000000710800000, 0x0000000710900000|  0%| F|  |TAMS 0x0000000710800000, 0x0000000710800000| Untracked 
| 199|0x0000000710900000, 0x0000000710900000, 0x0000000710a00000|  0%| F|  |TAMS 0x0000000710900000, 0x0000000710900000| Untracked 
| 200|0x0000000710a00000, 0x0000000710a00000, 0x0000000710b00000|  0%| F|  |TAMS 0x0000000710a00000, 0x0000000710a00000| Untracked 
| 201|0x0000000710b00000, 0x0000000710b00000, 0x0000000710c00000|  0%| F|  |TAMS 0x0000000710b00000, 0x0000000710b00000| Untracked 
| 202|0x0000000710c00000, 0x0000000710c00000, 0x0000000710d00000|  0%| F|  |TAMS 0x0000000710c00000, 0x0000000710c00000| Untracked 
| 203|0x0000000710d00000, 0x0000000710d00000, 0x0000000710e00000|  0%| F|  |TAMS 0x0000000710d00000, 0x0000000710d00000| Untracked 
| 204|0x0000000710e00000, 0x0000000710e00000, 0x0000000710f00000|  0%| F|  |TAMS 0x0000000710e00000, 0x0000000710e00000| Untracked 
| 205|0x0000000710f00000, 0x0000000710f00000, 0x0000000711000000|  0%| F|  |TAMS 0x0000000710f00000, 0x0000000710f00000| Untracked 
| 206|0x0000000711000000, 0x0000000711000000, 0x0000000711100000|  0%| F|  |TAMS 0x0000000711000000, 0x0000000711000000| Untracked 
| 207|0x0000000711100000, 0x0000000711100000, 0x0000000711200000|  0%| F|  |TAMS 0x0000000711100000, 0x0000000711100000| Untracked 
| 208|0x0000000711200000, 0x0000000711200000, 0x0000000711300000|  0%| F|  |TAMS 0x0000000711200000, 0x0000000711200000| Untracked 
| 209|0x0000000711300000, 0x0000000711300000, 0x0000000711400000|  0%| F|  |TAMS 0x0000000711300000, 0x0000000711300000| Untracked 
| 210|0x0000000711400000, 0x0000000711400000, 0x0000000711500000|  0%| F|  |TAMS 0x0000000711400000, 0x0000000711400000| Untracked 
| 211|0x0000000711500000, 0x0000000711500000, 0x0000000711600000|  0%| F|  |TAMS 0x0000000711500000, 0x0000000711500000| Untracked 
| 212|0x0000000711600000, 0x0000000711600000, 0x0000000711700000|  0%| F|  |TAMS 0x0000000711600000, 0x0000000711600000| Untracked 
| 213|0x0000000711700000, 0x0000000711700000, 0x0000000711800000|  0%| F|  |TAMS 0x0000000711700000, 0x0000000711700000| Untracked 
| 214|0x0000000711800000, 0x0000000711800000, 0x0000000711900000|  0%| F|  |TAMS 0x0000000711800000, 0x0000000711800000| Untracked 
| 215|0x0000000711900000, 0x0000000711900000, 0x0000000711a00000|  0%| F|  |TAMS 0x0000000711900000, 0x0000000711900000| Untracked 
| 216|0x0000000711a00000, 0x0000000711a00000, 0x0000000711b00000|  0%| F|  |TAMS 0x0000000711a00000, 0x0000000711a00000| Untracked 
| 217|0x0000000711b00000, 0x0000000711b00000, 0x0000000711c00000|  0%| F|  |TAMS 0x0000000711b00000, 0x0000000711b00000| Untracked 
| 218|0x0000000711c00000, 0x0000000711c00000, 0x0000000711d00000|  0%| F|  |TAMS 0x0000000711c00000, 0x0000000711c00000| Untracked 
| 219|0x0000000711d00000, 0x0000000711d00000, 0x0000000711e00000|  0%| F|  |TAMS 0x0000000711d00000, 0x0000000711d00000| Untracked 
| 220|0x0000000711e00000, 0x0000000711e00000, 0x0000000711f00000|  0%| F|  |TAMS 0x0000000711e00000, 0x0000000711e00000| Untracked 
| 221|0x0000000711f00000, 0x0000000711f00000, 0x0000000712000000|  0%| F|  |TAMS 0x0000000711f00000, 0x0000000711f00000| Untracked 
| 222|0x0000000712000000, 0x0000000712000000, 0x0000000712100000|  0%| F|  |TAMS 0x0000000712000000, 0x0000000712000000| Untracked 
| 223|0x0000000712100000, 0x0000000712100000, 0x0000000712200000|  0%| F|  |TAMS 0x0000000712100000, 0x0000000712100000| Untracked 
| 224|0x0000000712200000, 0x0000000712200000, 0x0000000712300000|  0%| F|  |TAMS 0x0000000712200000, 0x0000000712200000| Untracked 
| 225|0x0000000712300000, 0x0000000712300000, 0x0000000712400000|  0%| F|  |TAMS 0x0000000712300000, 0x0000000712300000| Untracked 
| 226|0x0000000712400000, 0x0000000712400000, 0x0000000712500000|  0%| F|  |TAMS 0x0000000712400000, 0x0000000712400000| Untracked 
| 227|0x0000000712500000, 0x0000000712500000, 0x0000000712600000|  0%| F|  |TAMS 0x0000000712500000, 0x0000000712500000| Untracked 
| 228|0x0000000712600000, 0x0000000712600000, 0x0000000712700000|  0%| F|  |TAMS 0x0000000712600000, 0x0000000712600000| Untracked 
| 229|0x0000000712700000, 0x0000000712700000, 0x0000000712800000|  0%| F|  |TAMS 0x0000000712700000, 0x0000000712700000| Untracked 
| 230|0x0000000712800000, 0x0000000712800000, 0x0000000712900000|  0%| F|  |TAMS 0x0000000712800000, 0x0000000712800000| Untracked 
| 231|0x0000000712900000, 0x0000000712900000, 0x0000000712a00000|  0%| F|  |TAMS 0x0000000712900000, 0x0000000712900000| Untracked 
| 232|0x0000000712a00000, 0x0000000712a00000, 0x0000000712b00000|  0%| F|  |TAMS 0x0000000712a00000, 0x0000000712a00000| Untracked 
| 233|0x0000000712b00000, 0x0000000712b00000, 0x0000000712c00000|  0%| F|  |TAMS 0x0000000712b00000, 0x0000000712b00000| Untracked 
| 234|0x0000000712c00000, 0x0000000712c00000, 0x0000000712d00000|  0%| F|  |TAMS 0x0000000712c00000, 0x0000000712c00000| Untracked 
| 235|0x0000000712d00000, 0x0000000712d00000, 0x0000000712e00000|  0%| F|  |TAMS 0x0000000712d00000, 0x0000000712d00000| Untracked 
| 236|0x0000000712e00000, 0x0000000712e00000, 0x0000000712f00000|  0%| F|  |TAMS 0x0000000712e00000, 0x0000000712e00000| Untracked 
| 237|0x0000000712f00000, 0x0000000712f00000, 0x0000000713000000|  0%| F|  |TAMS 0x0000000712f00000, 0x0000000712f00000| Untracked 
| 238|0x0000000713000000, 0x0000000713000000, 0x0000000713100000|  0%| F|  |TAMS 0x0000000713000000, 0x0000000713000000| Untracked 
| 239|0x0000000713100000, 0x0000000713100000, 0x0000000713200000|  0%| F|  |TAMS 0x0000000713100000, 0x0000000713100000| Untracked 
| 240|0x0000000713200000, 0x0000000713200000, 0x0000000713300000|  0%| F|  |TAMS 0x0000000713200000, 0x0000000713200000| Untracked 
| 241|0x0000000713300000, 0x0000000713300000, 0x0000000713400000|  0%| F|  |TAMS 0x0000000713300000, 0x0000000713300000| Untracked 
| 242|0x0000000713400000, 0x0000000713400000, 0x0000000713500000|  0%| F|  |TAMS 0x0000000713400000, 0x0000000713400000| Untracked 
| 243|0x0000000713500000, 0x0000000713500000, 0x0000000713600000|  0%| F|  |TAMS 0x0000000713500000, 0x0000000713500000| Untracked 
| 244|0x0000000713600000, 0x0000000713600000, 0x0000000713700000|  0%| F|  |TAMS 0x0000000713600000, 0x0000000713600000| Untracked 
| 245|0x0000000713700000, 0x0000000713700000, 0x0000000713800000|  0%| F|  |TAMS 0x0000000713700000, 0x0000000713700000| Untracked 
| 246|0x0000000713800000, 0x0000000713800000, 0x0000000713900000|  0%| F|  |TAMS 0x0000000713800000, 0x0000000713800000| Untracked 
| 247|0x0000000713900000, 0x0000000713900000, 0x0000000713a00000|  0%| F|  |TAMS 0x0000000713900000, 0x0000000713900000| Untracked 
| 248|0x0000000713a00000, 0x0000000713a00000, 0x0000000713b00000|  0%| F|  |TAMS 0x0000000713a00000, 0x0000000713a00000| Untracked 
| 249|0x0000000713b00000, 0x0000000713b00000, 0x0000000713c00000|  0%| F|  |TAMS 0x0000000713b00000, 0x0000000713b00000| Untracked 
| 250|0x0000000713c00000, 0x0000000713c00000, 0x0000000713d00000|  0%| F|  |TAMS 0x0000000713c00000, 0x0000000713c00000| Untracked 
| 251|0x0000000713d00000, 0x0000000713d00000, 0x0000000713e00000|  0%| F|  |TAMS 0x0000000713d00000, 0x0000000713d00000| Untracked 
| 252|0x0000000713e00000, 0x0000000713e00000, 0x0000000713f00000|  0%| F|  |TAMS 0x0000000713e00000, 0x0000000713e00000| Untracked 
| 253|0x0000000713f00000, 0x0000000713f00000, 0x0000000714000000|  0%| F|  |TAMS 0x0000000713f00000, 0x0000000713f00000| Untracked 
| 254|0x0000000714000000, 0x0000000714000000, 0x0000000714100000|  0%| F|  |TAMS 0x0000000714000000, 0x0000000714000000| Untracked 
| 255|0x0000000714100000, 0x0000000714100000, 0x0000000714200000|  0%| F|  |TAMS 0x0000000714100000, 0x0000000714100000| Untracked 
| 256|0x0000000714200000, 0x0000000714200000, 0x0000000714300000|  0%| F|  |TAMS 0x0000000714200000, 0x0000000714200000| Untracked 
| 257|0x0000000714300000, 0x0000000714300000, 0x0000000714400000|  0%| F|  |TAMS 0x0000000714300000, 0x0000000714300000| Untracked 
| 258|0x0000000714400000, 0x0000000714400000, 0x0000000714500000|  0%| F|  |TAMS 0x0000000714400000, 0x0000000714400000| Untracked 
| 259|0x0000000714500000, 0x0000000714500000, 0x0000000714600000|  0%| F|  |TAMS 0x0000000714500000, 0x0000000714500000| Untracked 
| 260|0x0000000714600000, 0x0000000714600000, 0x0000000714700000|  0%| F|  |TAMS 0x0000000714600000, 0x0000000714600000| Untracked 
| 261|0x0000000714700000, 0x0000000714700000, 0x0000000714800000|  0%| F|  |TAMS 0x0000000714700000, 0x0000000714700000| Untracked 
| 262|0x0000000714800000, 0x0000000714800000, 0x0000000714900000|  0%| F|  |TAMS 0x0000000714800000, 0x0000000714800000| Untracked 
| 263|0x0000000714900000, 0x0000000714900000, 0x0000000714a00000|  0%| F|  |TAMS 0x0000000714900000, 0x0000000714900000| Untracked 
| 264|0x0000000714a00000, 0x0000000714a00000, 0x0000000714b00000|  0%| F|  |TAMS 0x0000000714a00000, 0x0000000714a00000| Untracked 
| 265|0x0000000714b00000, 0x0000000714b00000, 0x0000000714c00000|  0%| F|  |TAMS 0x0000000714b00000, 0x0000000714b00000| Untracked 
| 266|0x0000000714c00000, 0x0000000714c00000, 0x0000000714d00000|  0%| F|  |TAMS 0x0000000714c00000, 0x0000000714c00000| Untracked 
| 267|0x0000000714d00000, 0x0000000714d00000, 0x0000000714e00000|  0%| F|  |TAMS 0x0000000714d00000, 0x0000000714d00000| Untracked 
| 268|0x0000000714e00000, 0x0000000714e00000, 0x0000000714f00000|  0%| F|  |TAMS 0x0000000714e00000, 0x0000000714e00000| Untracked 
| 269|0x0000000714f00000, 0x0000000714f00000, 0x0000000715000000|  0%| F|  |TAMS 0x0000000714f00000, 0x0000000714f00000| Untracked 
| 270|0x0000000715000000, 0x0000000715000000, 0x0000000715100000|  0%| F|  |TAMS 0x0000000715000000, 0x0000000715000000| Untracked 
| 271|0x0000000715100000, 0x0000000715100000, 0x0000000715200000|  0%| F|  |TAMS 0x0000000715100000, 0x0000000715100000| Untracked 
| 272|0x0000000715200000, 0x0000000715200000, 0x0000000715300000|  0%| F|  |TAMS 0x0000000715200000, 0x0000000715200000| Untracked 
| 273|0x0000000715300000, 0x0000000715400000, 0x0000000715400000|100%| E|  |TAMS 0x0000000715300000, 0x0000000715300000| Complete 
| 274|0x0000000715400000, 0x0000000715500000, 0x0000000715500000|100%| E|CS|TAMS 0x0000000715400000, 0x0000000715400000| Complete 
| 275|0x0000000715500000, 0x0000000715600000, 0x0000000715600000|100%| E|CS|TAMS 0x0000000715500000, 0x0000000715500000| Complete 
| 276|0x0000000715600000, 0x0000000715700000, 0x0000000715700000|100%| E|CS|TAMS 0x0000000715600000, 0x0000000715600000| Complete 
| 277|0x0000000715700000, 0x0000000715800000, 0x0000000715800000|100%| E|CS|TAMS 0x0000000715700000, 0x0000000715700000| Complete 
| 278|0x0000000715800000, 0x0000000715900000, 0x0000000715900000|100%| E|CS|TAMS 0x0000000715800000, 0x0000000715800000| Complete 
| 279|0x0000000715900000, 0x0000000715a00000, 0x0000000715a00000|100%| E|CS|TAMS 0x0000000715900000, 0x0000000715900000| Complete 
| 280|0x0000000715a00000, 0x0000000715b00000, 0x0000000715b00000|100%| E|CS|TAMS 0x0000000715a00000, 0x0000000715a00000| Complete 
| 281|0x0000000715b00000, 0x0000000715c00000, 0x0000000715c00000|100%| E|CS|TAMS 0x0000000715b00000, 0x0000000715b00000| Complete 
| 282|0x0000000715c00000, 0x0000000715d00000, 0x0000000715d00000|100%| E|CS|TAMS 0x0000000715c00000, 0x0000000715c00000| Complete 
| 283|0x0000000715d00000, 0x0000000715e00000, 0x0000000715e00000|100%| E|CS|TAMS 0x0000000715d00000, 0x0000000715d00000| Complete 
| 284|0x0000000715e00000, 0x0000000715f00000, 0x0000000715f00000|100%| E|CS|TAMS 0x0000000715e00000, 0x0000000715e00000| Complete 
| 285|0x0000000715f00000, 0x0000000716000000, 0x0000000716000000|100%| E|CS|TAMS 0x0000000715f00000, 0x0000000715f00000| Complete 
| 286|0x0000000716000000, 0x0000000716100000, 0x0000000716100000|100%| E|CS|TAMS 0x0000000716000000, 0x0000000716000000| Complete 
| 287|0x0000000716100000, 0x0000000716200000, 0x0000000716200000|100%| E|CS|TAMS 0x0000000716100000, 0x0000000716100000| Complete 
| 288|0x0000000716200000, 0x0000000716300000, 0x0000000716300000|100%| E|CS|TAMS 0x0000000716200000, 0x0000000716200000| Complete 
| 289|0x0000000716300000, 0x0000000716400000, 0x0000000716400000|100%| E|CS|TAMS 0x0000000716300000, 0x0000000716300000| Complete 
| 290|0x0000000716400000, 0x0000000716500000, 0x0000000716500000|100%| E|CS|TAMS 0x0000000716400000, 0x0000000716400000| Complete 
| 291|0x0000000716500000, 0x0000000716600000, 0x0000000716600000|100%| E|CS|TAMS 0x0000000716500000, 0x0000000716500000| Complete 
| 292|0x0000000716600000, 0x0000000716700000, 0x0000000716700000|100%| E|CS|TAMS 0x0000000716600000, 0x0000000716600000| Complete 
| 293|0x0000000716700000, 0x0000000716800000, 0x0000000716800000|100%| E|CS|TAMS 0x0000000716700000, 0x0000000716700000| Complete 
| 294|0x0000000716800000, 0x0000000716900000, 0x0000000716900000|100%| E|CS|TAMS 0x0000000716800000, 0x0000000716800000| Complete 
| 295|0x0000000716900000, 0x0000000716a00000, 0x0000000716a00000|100%| E|CS|TAMS 0x0000000716900000, 0x0000000716900000| Complete 
| 296|0x0000000716a00000, 0x0000000716b00000, 0x0000000716b00000|100%| E|CS|TAMS 0x0000000716a00000, 0x0000000716a00000| Complete 
| 297|0x0000000716b00000, 0x0000000716c00000, 0x0000000716c00000|100%| E|CS|TAMS 0x0000000716b00000, 0x0000000716b00000| Complete 
| 298|0x0000000716c00000, 0x0000000716d00000, 0x0000000716d00000|100%| E|CS|TAMS 0x0000000716c00000, 0x0000000716c00000| Complete 
| 299|0x0000000716d00000, 0x0000000716e00000, 0x0000000716e00000|100%| E|CS|TAMS 0x0000000716d00000, 0x0000000716d00000| Complete 

Card table byte_map: [0x000001dd1f7f0000,0x000001dd1ffd0000] _byte_map_base: 0x000001dd1bfcf000

Marking Bits (Prev, Next): (CMBitMap*) 0x000001dd07728cd8, (CMBitMap*) 0x000001dd07728d18
 Prev Bits: [0x000001dd207b0000, 0x000001dd246a8000)
 Next Bits: [0x000001dd246b0000, 0x000001dd285a8000)

Polling page: 0x000001dd05610000

Metaspace:

Usage:
  Non-class:     29.45 MB capacity,    28.82 MB ( 98%) used,   564.16 KB (  2%) free+waste,    80.88 KB ( <1%) overhead. 
      Class:      3.84 MB capacity,     3.46 MB ( 90%) used,   353.52 KB (  9%) free+waste,    34.63 KB ( <1%) overhead. 
       Both:     33.29 MB capacity,    32.28 MB ( 97%) used,   917.69 KB (  3%) free+waste,   115.50 KB ( <1%) overhead. 

Virtual space:
  Non-class space:       30.00 MB reserved,      29.67 MB ( 99%) committed 
      Class space:        1.00 GB reserved,       3.88 MB ( <1%) committed 
             Both:        1.03 GB reserved,      33.55 MB (  3%) committed 

Chunk freelists:
   Non-Class:  32.00 KB
       Class:  5.00 KB
        Both:  37.00 KB

MaxMetaspaceSize: 17179869184.00 GB
CompressedClassSpaceSize: 1.00 GB

CodeHeap 'non-profiled nmethods': size=120000Kb used=5348Kb max_used=5348Kb free=114651Kb
 bounds [0x000001dd176a0000, 0x000001dd17be0000, 0x000001dd1ebd0000]
CodeHeap 'profiled nmethods': size=120000Kb used=18106Kb max_used=18106Kb free=101893Kb
 bounds [0x000001dd10170000, 0x000001dd11330000, 0x000001dd176a0000]
CodeHeap 'non-nmethods': size=5760Kb used=1268Kb max_used=1355Kb free=4492Kb
 bounds [0x000001dd0fbd0000, 0x000001dd0fe40000, 0x000001dd10170000]
 total_blobs=11995 nmethods=7612 adapters=435
 compilation: enabled
              stopped_count=0, restarted_count=0
 full_count=0

Compilation events (20 events):
Event: 12.827 Thread 0x000001dd2b9e3800 8663       2       org.eclipse.aether.util.graph.transformer.ConflictResolver$ConflictItem::isSibling (17 bytes)
Event: 12.828 Thread 0x000001dd2b9e3800 nmethod 8663 0x000001dd11316690 code [0x000001dd11316820, 0x000001dd113169b8]
Event: 12.828 Thread 0x000001dd2b9e3800 8664       2       org.eclipse.aether.internal.impl.DefaultArtifactResolver::isLocallyInstalled (54 bytes)
Event: 12.829 Thread 0x000001dd2b9e3800 nmethod 8664 0x000001dd11316a90 code [0x000001dd11316c40, 0x000001dd11316ed0]
Event: 12.829 Thread 0x000001dd2b9e3800 8665       2       org.eclipse.aether.internal.impl.DefaultArtifactResolver::artifactResolved (74 bytes)
Event: 12.830 Thread 0x000001dd2b9e3800 nmethod 8665 0x000001dd11317010 code [0x000001dd11317200, 0x000001dd11317820]
Event: 12.830 Thread 0x000001dd2b9e3800 8666       2       org.eclipse.aether.RepositoryEvent$Builder::setRepository (7 bytes)
Event: 12.830 Thread 0x000001dd2b9e3800 nmethod 8666 0x000001dd11317a10 code [0x000001dd11317bc0, 0x000001dd11317d98]
Event: 12.830 Thread 0x000001dd2b9e3800 8667       2       org.eclipse.aether.RepositoryEvent$Builder::setExceptions (21 bytes)
Event: 12.830 Thread 0x000001dd2b9e3800 nmethod 8667 0x000001dd11317e10 code [0x000001dd11317fc0, 0x000001dd11318218]
Event: 12.830 Thread 0x000001dd2b9e3800 8668       2       org.eclipse.aether.RepositoryEvent$Builder::setFile (7 bytes)
Event: 12.830 Thread 0x000001dd2b9e3800 nmethod 8668 0x000001dd11318290 code [0x000001dd11318440, 0x000001dd11318618]
Event: 12.850 Thread 0x000001dd2b9e3800 8669       1       org.apache.maven.artifact.DefaultArtifact::getClassifier (5 bytes)
Event: 12.850 Thread 0x000001dd2b9e3800 nmethod 8669 0x000001dd1794d010 code [0x000001dd1794d1a0, 0x000001dd1794d2d8]
Event: 12.853 Thread 0x000001dd2b9e3800 8670   !   2       org.eclipse.sisu.inject.InjectorBindings::getWildcardBindings (145 bytes)
Event: 12.854 Thread 0x000001dd2b9e3800 nmethod 8670 0x000001dd11318690 code [0x000001dd11318900, 0x000001dd11319680]
Event: 12.854 Thread 0x000001dd2b9e3800 8671       2       com.google.inject.name.NamedImpl::equals (28 bytes)
Event: 12.854 Thread 0x000001dd2b9e3800 nmethod 8671 0x000001dd11319d90 code [0x000001dd11319f60, 0x000001dd1131a220]
Event: 12.854 Thread 0x000001dd2b9e3800 8672       2       com.google.inject.internal.InjectorImpl::findBindingsByType (16 bytes)
Event: 12.855 Thread 0x000001dd2b9e3800 nmethod 8672 0x000001dd1131a310 code [0x000001dd1131a500, 0x000001dd1131ab50]

GC Heap History (20 events):
Event: 5.755 GC heap before
{Heap before GC invocations=18 (full 0):
 garbage-first heap   total 78848K, used 54295K [0x0000000704200000, 0x0000000800000000)
  region size 1024K, 13 young (13312K), 2 survivors (2048K)
 Metaspace       used 24510K, capacity 25205K, committed 25264K, reserved 1071104K
  class space    used 2761K, capacity 3021K, committed 3072K, reserved 1048576K
}
Event: 5.760 GC heap after
{Heap after GC invocations=19 (full 0):
 garbage-first heap   total 98304K, used 44671K [0x0000000704200000, 0x0000000800000000)
  region size 1024K, 1 young (1024K), 1 survivors (1024K)
 Metaspace       used 24510K, capacity 25205K, committed 25264K, reserved 1071104K
  class space    used 2761K, capacity 3021K, committed 3072K, reserved 1048576K
}
Event: 6.154 GC heap before
{Heap before GC invocations=19 (full 0):
 garbage-first heap   total 98304K, used 63103K [0x0000000704200000, 0x0000000800000000)
  region size 1024K, 19 young (19456K), 1 survivors (1024K)
 Metaspace       used 24835K, capacity 25496K, committed 25776K, reserved 1073152K
  class space    used 2772K, capacity 3028K, committed 3072K, reserved 1048576K
}
Event: 6.160 GC heap after
{Heap after GC invocations=20 (full 0):
 garbage-first heap   total 98304K, used 43983K [0x0000000704200000, 0x0000000800000000)
  region size 1024K, 2 young (2048K), 2 survivors (2048K)
 Metaspace       used 24835K, capacity 25496K, committed 25776K, reserved 1073152K
  class space    used 2772K, capacity 3028K, committed 3072K, reserved 1048576K
}
Event: 6.512 GC heap before
{Heap before GC invocations=21 (full 0):
 garbage-first heap   total 167936K, used 161743K [0x0000000704200000, 0x0000000800000000)
  region size 1024K, 21 young (21504K), 2 survivors (2048K)
 Metaspace       used 25534K, capacity 26291K, committed 26416K, reserved 1073152K
  class space    used 2825K, capacity 3101K, committed 3200K, reserved 1048576K
}
Event: 6.518 GC heap after
{Heap after GC invocations=22 (full 0):
 garbage-first heap   total 167936K, used 45404K [0x0000000704200000, 0x0000000800000000)
  region size 1024K, 3 young (3072K), 3 survivors (3072K)
 Metaspace       used 25534K, capacity 26291K, committed 26416K, reserved 1073152K
  class space    used 2825K, capacity 3101K, committed 3200K, reserved 1048576K
}
Event: 6.579 GC heap before
{Heap before GC invocations=22 (full 0):
 garbage-first heap   total 167936K, used 49500K [0x0000000704200000, 0x0000000800000000)
  region size 1024K, 8 young (8192K), 3 survivors (3072K)
 Metaspace       used 25612K, capacity 26355K, committed 26672K, reserved 1073152K
  class space    used 2825K, capacity 3101K, committed 3200K, reserved 1048576K
}
Event: 6.597 GC heap after
{Heap after GC invocations=23 (full 0):
 garbage-first heap   total 167936K, used 36395K [0x0000000704200000, 0x0000000800000000)
  region size 1024K, 1 young (1024K), 1 survivors (1024K)
 Metaspace       used 25612K, capacity 26355K, committed 26672K, reserved 1073152K
  class space    used 2825K, capacity 3101K, committed 3200K, reserved 1048576K
}
Event: 7.014 GC heap before
{Heap before GC invocations=23 (full 0):
 garbage-first heap   total 167936K, used 85547K [0x0000000704200000, 0x0000000800000000)
  region size 1024K, 49 young (50176K), 1 survivors (1024K)
 Metaspace       used 26293K, capacity 27044K, committed 27184K, reserved 1073152K
  class space    used 2873K, capacity 3142K, committed 3200K, reserved 1048576K
}
Event: 7.020 GC heap after
{Heap after GC invocations=24 (full 0):
 garbage-first heap   total 256000K, used 38783K [0x0000000704200000, 0x0000000800000000)
  region size 1024K, 2 young (2048K), 2 survivors (2048K)
 Metaspace       used 26293K, capacity 27044K, committed 27184K, reserved 1073152K
  class space    used 2873K, capacity 3142K, committed 3200K, reserved 1048576K
}
Event: 7.697 GC heap before
{Heap before GC invocations=24 (full 0):
 garbage-first heap   total 256000K, used 128895K [0x0000000704200000, 0x0000000800000000)
  region size 1024K, 89 young (91136K), 2 survivors (2048K)
 Metaspace       used 26526K, capacity 27199K, committed 27440K, reserved 1073152K
  class space    used 2889K, capacity 3154K, committed 3200K, reserved 1048576K
}
Event: 7.703 GC heap after
{Heap after GC invocations=25 (full 0):
 garbage-first heap   total 256000K, used 49264K [0x0000000704200000, 0x0000000800000000)
  region size 1024K, 12 young (12288K), 12 survivors (12288K)
 Metaspace       used 26526K, capacity 27199K, committed 27440K, reserved 1073152K
  class space    used 2889K, capacity 3154K, committed 3200K, reserved 1048576K
}
Event: 9.233 GC heap before
{Heap before GC invocations=25 (full 0):
 garbage-first heap   total 256000K, used 139376K [0x0000000704200000, 0x0000000800000000)
  region size 1024K, 101 young (103424K), 12 survivors (12288K)
 Metaspace       used 28469K, capacity 29267K, committed 29488K, reserved 1075200K
  class space    used 3078K, capacity 3393K, committed 3456K, reserved 1048576K
}
Event: 9.241 GC heap after
{Heap after GC invocations=26 (full 0):
 garbage-first heap   total 256000K, used 61461K [0x0000000704200000, 0x0000000800000000)
  region size 1024K, 13 young (13312K), 13 survivors (13312K)
 Metaspace       used 28469K, capacity 29267K, committed 29488K, reserved 1075200K
  class space    used 3078K, capacity 3393K, committed 3456K, reserved 1048576K
}
Event: 10.219 GC heap before
{Heap before GC invocations=26 (full 0):
 garbage-first heap   total 256000K, used 152597K [0x0000000704200000, 0x0000000800000000)
  region size 1024K, 102 young (104448K), 13 survivors (13312K)
 Metaspace       used 30192K, capacity 31043K, committed 31280K, reserved 1077248K
  class space    used 3262K, capacity 3589K, committed 3712K, reserved 1048576K
}
Event: 10.228 GC heap after
{Heap after GC invocations=27 (full 0):
 garbage-first heap   total 256000K, used 64162K [0x0000000704200000, 0x0000000800000000)
  region size 1024K, 3 young (3072K), 3 survivors (3072K)
 Metaspace       used 30192K, capacity 31043K, committed 31280K, reserved 1077248K
  class space    used 3262K, capacity 3589K, committed 3712K, reserved 1048576K
}
Event: 10.858 GC heap before
{Heap before GC invocations=27 (full 0):
 garbage-first heap   total 256000K, used 166562K [0x0000000704200000, 0x0000000800000000)
  region size 1024K, 99 young (101376K), 3 survivors (3072K)
 Metaspace       used 30796K, capacity 31784K, committed 32048K, reserved 1077248K
  class space    used 3304K, capacity 3682K, committed 3712K, reserved 1048576K
}
Event: 10.866 GC heap after
{Heap after GC invocations=28 (full 0):
 garbage-first heap   total 307200K, used 73249K [0x0000000704200000, 0x0000000800000000)
  region size 1024K, 9 young (9216K), 9 survivors (9216K)
 Metaspace       used 30796K, capacity 31784K, committed 32048K, reserved 1077248K
  class space    used 3304K, capacity 3682K, committed 3712K, reserved 1048576K
}
Event: 12.477 GC heap before
{Heap before GC invocations=28 (full 0):
 garbage-first heap   total 307200K, used 193057K [0x0000000704200000, 0x0000000800000000)
  region size 1024K, 127 young (130048K), 9 survivors (9216K)
 Metaspace       used 32419K, capacity 33486K, committed 33584K, reserved 1079296K
  class space    used 3489K, capacity 3886K, committed 3968K, reserved 1048576K
}
Event: 12.488 GC heap after
{Heap after GC invocations=29 (full 0):
 garbage-first heap   total 307200K, used 91420K [0x0000000704200000, 0x0000000800000000)
  region size 1024K, 16 young (16384K), 16 survivors (16384K)
 Metaspace       used 32419K, capacity 33486K, committed 33584K, reserved 1079296K
  class space    used 3489K, capacity 3886K, committed 3968K, reserved 1048576K
}

Deoptimization events (20 events):
Event: 12.727 Thread 0x000001dd076bc800 DEOPT PACKING pc=0x000001dd10a61af6 sp=0x0000001edaffd380
Event: 12.727 Thread 0x000001dd076bc800 DEOPT UNPACKING pc=0x000001dd0fc1845e sp=0x0000001edaffc860 mode 0
Event: 12.817 Thread 0x000001dd076bc800 DEOPT PACKING pc=0x000001dd10f85604 sp=0x0000001edaffc780
Event: 12.817 Thread 0x000001dd076bc800 DEOPT UNPACKING pc=0x000001dd0fc1845e sp=0x0000001edaffbc48 mode 0
Event: 12.819 Thread 0x000001dd076bc800 Uncommon trap: trap_request=0xffffffbe fr.pc=0x000001dd179c5c98 relative=0x00000000000006b8
Event: 12.819 Thread 0x000001dd076bc800 Uncommon trap: reason=profile_predicate action=maybe_recompile pc=0x000001dd179c5c98 method=sun.nio.cs.ISO_8859_1$Decoder.decodeArrayLoop(Ljava/nio/ByteBuffer;Ljava/nio/CharBuffer;)Ljava/nio/charset/CoderResult; @ 133 c2
Event: 12.819 Thread 0x000001dd076bc800 DEOPT PACKING pc=0x000001dd179c5c98 sp=0x0000001edaffbd40
Event: 12.819 Thread 0x000001dd076bc800 DEOPT UNPACKING pc=0x000001dd0fbd852f sp=0x0000001edaffbcb0 mode 2
Event: 12.820 Thread 0x000001dd076bc800 Uncommon trap: trap_request=0xffffffbe fr.pc=0x000001dd179c5c98 relative=0x00000000000006b8
Event: 12.820 Thread 0x000001dd076bc800 Uncommon trap: reason=profile_predicate action=maybe_recompile pc=0x000001dd179c5c98 method=sun.nio.cs.ISO_8859_1$Decoder.decodeArrayLoop(Ljava/nio/ByteBuffer;Ljava/nio/CharBuffer;)Ljava/nio/charset/CoderResult; @ 133 c2
Event: 12.820 Thread 0x000001dd076bc800 DEOPT PACKING pc=0x000001dd179c5c98 sp=0x0000001edaffbd20
Event: 12.820 Thread 0x000001dd076bc800 DEOPT UNPACKING pc=0x000001dd0fbd852f sp=0x0000001edaffbc90 mode 2
Event: 12.820 Thread 0x000001dd076bc800 Uncommon trap: trap_request=0xffffffbe fr.pc=0x000001dd179c5c98 relative=0x00000000000006b8
Event: 12.820 Thread 0x000001dd076bc800 Uncommon trap: reason=profile_predicate action=maybe_recompile pc=0x000001dd179c5c98 method=sun.nio.cs.ISO_8859_1$Decoder.decodeArrayLoop(Ljava/nio/ByteBuffer;Ljava/nio/CharBuffer;)Ljava/nio/charset/CoderResult; @ 133 c2
Event: 12.820 Thread 0x000001dd076bc800 DEOPT PACKING pc=0x000001dd179c5c98 sp=0x0000001edaffbc40
Event: 12.820 Thread 0x000001dd076bc800 DEOPT UNPACKING pc=0x000001dd0fbd852f sp=0x0000001edaffbbb0 mode 2
Event: 12.820 Thread 0x000001dd076bc800 Uncommon trap: trap_request=0xffffffbe fr.pc=0x000001dd179c5c98 relative=0x00000000000006b8
Event: 12.820 Thread 0x000001dd076bc800 Uncommon trap: reason=profile_predicate action=maybe_recompile pc=0x000001dd179c5c98 method=sun.nio.cs.ISO_8859_1$Decoder.decodeArrayLoop(Ljava/nio/ByteBuffer;Ljava/nio/CharBuffer;)Ljava/nio/charset/CoderResult; @ 133 c2
Event: 12.820 Thread 0x000001dd076bc800 DEOPT PACKING pc=0x000001dd179c5c98 sp=0x0000001edaffbea0
Event: 12.820 Thread 0x000001dd076bc800 DEOPT UNPACKING pc=0x000001dd0fbd852f sp=0x0000001edaffbe10 mode 2

Classes unloaded (0 events):
No events

Classes redefined (0 events):
No events

Internal exceptions (20 events):
Event: 12.690 Thread 0x000001dd076bc800 Exception <a 'sun/nio/fs/WindowsException'{0x0000000715f598b0}> (0x0000000715f598b0) 
thrown [t:/workspace/open/src/hotspot/share/prims/jni.cpp, line 598]
Event: 12.690 Thread 0x000001dd076bc800 Exception <a 'sun/nio/fs/WindowsException'{0x0000000715f59c58}> (0x0000000715f59c58) 
thrown [t:/workspace/open/src/hotspot/share/prims/jni.cpp, line 598]
Event: 12.697 Thread 0x000001dd076bc800 Exception <a 'sun/nio/fs/WindowsException'{0x0000000715fa8b70}> (0x0000000715fa8b70) 
thrown [t:/workspace/open/src/hotspot/share/prims/jni.cpp, line 598]
Event: 12.697 Thread 0x000001dd076bc800 Exception <a 'sun/nio/fs/WindowsException'{0x0000000715fa9200}> (0x0000000715fa9200) 
thrown [t:/workspace/open/src/hotspot/share/prims/jni.cpp, line 598]
Event: 12.697 Thread 0x000001dd076bc800 Exception <a 'sun/nio/fs/WindowsException'{0x0000000715fa99a8}> (0x0000000715fa99a8) 
thrown [t:/workspace/open/src/hotspot/share/prims/jni.cpp, line 598]
Event: 12.706 Thread 0x000001dd076bc800 Exception <a 'sun/nio/fs/WindowsException'{0x0000000715ec2068}> (0x0000000715ec2068) 
thrown [t:/workspace/open/src/hotspot/share/prims/jni.cpp, line 598]
Event: 12.706 Thread 0x000001dd076bc800 Exception <a 'sun/nio/fs/WindowsException'{0x0000000715ec2708}> (0x0000000715ec2708) 
thrown [t:/workspace/open/src/hotspot/share/prims/jni.cpp, line 598]
Event: 12.707 Thread 0x000001dd076bc800 Exception <a 'sun/nio/fs/WindowsException'{0x0000000715ec2ef0}> (0x0000000715ec2ef0) 
thrown [t:/workspace/open/src/hotspot/share/prims/jni.cpp, line 598]
Event: 12.713 Thread 0x000001dd076bc800 Exception <a 'sun/nio/fs/WindowsException'{0x0000000715ef4750}> (0x0000000715ef4750) 
thrown [t:/workspace/open/src/hotspot/share/prims/jni.cpp, line 598]
Event: 12.713 Thread 0x000001dd076bc800 Exception <a 'sun/nio/fs/WindowsException'{0x0000000715ef4df0}> (0x0000000715ef4df0) 
thrown [t:/workspace/open/src/hotspot/share/prims/jni.cpp, line 598]
Event: 12.713 Thread 0x000001dd076bc800 Exception <a 'sun/nio/fs/WindowsException'{0x0000000715ef55d8}> (0x0000000715ef55d8) 
thrown [t:/workspace/open/src/hotspot/share/prims/jni.cpp, line 598]
Event: 12.716 Thread 0x000001dd076bc800 Exception <a 'sun/nio/fs/WindowsException'{0x0000000715d02eb0}> (0x0000000715d02eb0) 
thrown [t:/workspace/open/src/hotspot/share/prims/jni.cpp, line 598]
Event: 12.716 Thread 0x000001dd076bc800 Exception <a 'sun/nio/fs/WindowsException'{0x0000000715d03550}> (0x0000000715d03550) 
thrown [t:/workspace/open/src/hotspot/share/prims/jni.cpp, line 598]
Event: 12.716 Thread 0x000001dd076bc800 Exception <a 'sun/nio/fs/WindowsException'{0x0000000715d03d38}> (0x0000000715d03d38) 
thrown [t:/workspace/open/src/hotspot/share/prims/jni.cpp, line 598]
Event: 12.726 Thread 0x000001dd076bc800 Exception <a 'sun/nio/fs/WindowsException'{0x0000000715d505d8}> (0x0000000715d505d8) 
thrown [t:/workspace/open/src/hotspot/share/prims/jni.cpp, line 598]
Event: 12.726 Thread 0x000001dd076bc800 Exception <a 'sun/nio/fs/WindowsException'{0x0000000715d50c60}> (0x0000000715d50c60) 
thrown [t:/workspace/open/src/hotspot/share/prims/jni.cpp, line 598]
Event: 12.726 Thread 0x000001dd076bc800 Exception <a 'sun/nio/fs/WindowsException'{0x0000000715d513e8}> (0x0000000715d513e8) 
thrown [t:/workspace/open/src/hotspot/share/prims/jni.cpp, line 598]
Event: 12.736 Thread 0x000001dd076bc800 Exception <a 'sun/nio/fs/WindowsException'{0x0000000715dd02a0}> (0x0000000715dd02a0) 
thrown [t:/workspace/open/src/hotspot/share/prims/jni.cpp, line 598]
Event: 12.736 Thread 0x000001dd076bc800 Exception <a 'sun/nio/fs/WindowsException'{0x0000000715dd0920}> (0x0000000715dd0920) 
thrown [t:/workspace/open/src/hotspot/share/prims/jni.cpp, line 598]
Event: 12.736 Thread 0x000001dd076bc800 Exception <a 'sun/nio/fs/WindowsException'{0x0000000715dd1070}> (0x0000000715dd1070) 
thrown [t:/workspace/open/src/hotspot/share/prims/jni.cpp, line 598]

Events (20 events):
Event: 12.855 loading class org/apache/maven/plugin/surefire/SurefirePlugin
Event: 12.855 loading class org/apache/maven/plugin/surefire/SurefirePlugin done
Event: 12.856 loading class org/apache/maven/plugin/surefire/SurefireReportParameters
Event: 12.856 loading class org/apache/maven/plugin/surefire/SurefireReportParameters done
Event: 12.856 loading class org/apache/maven/plugin/surefire/SurefireReportParameters
Event: 12.856 loading class org/apache/maven/plugin/surefire/SurefireReportParameters done
Event: 12.856 loading class org/apache/maven/plugin/surefire/SurefireReportParameters
Event: 12.856 loading class org/apache/maven/plugin/surefire/SurefireReportParameters done
Event: 12.859 loading class org/apache/maven/plugin/surefire/AbstractSurefireMojo
Event: 12.859 loading class org/apache/maven/plugin/surefire/AbstractSurefireMojo done
Event: 12.859 loading class org/apache/maven/plugin/surefire/AbstractSurefireMojo
Event: 12.859 loading class org/apache/maven/plugin/surefire/AbstractSurefireMojo done
Event: 12.859 loading class org/apache/maven/plugin/surefire/AbstractSurefireMojo
Event: 12.859 loading class org/apache/maven/plugin/surefire/AbstractSurefireMojo done
Event: 12.862 loading class org/apache/maven/plugin/surefire/SurefireExecutionParameters
Event: 12.862 loading class org/apache/maven/plugin/surefire/SurefireExecutionParameters done
Event: 12.862 loading class org/apache/maven/plugin/surefire/SurefireExecutionParameters
Event: 12.862 loading class org/apache/maven/plugin/surefire/SurefireExecutionParameters done
Event: 12.862 loading class org/apache/maven/plugin/surefire/SurefireExecutionParameters
Event: 12.862 loading class org/apache/maven/plugin/surefire/SurefireExecutionParameters done


Dynamic libraries:
0x00007ff600590000 - 0x00007ff60059d000 	C:\Program Files\java\jdk-13.0.2\bin\javaw.exe
0x00007ffd968b0000 - 0x00007ffd96aa5000 	C:\WINDOWS\SYSTEM32\ntdll.dll
0x00007ffd95d10000 - 0x00007ffd95dce000 	C:\WINDOWS\System32\KERNEL32.DLL
0x00007ffd94180000 - 0x00007ffd94448000 	C:\WINDOWS\System32\KERNELBASE.dll
0x00007ffd93fc0000 - 0x00007ffd940c0000 	C:\WINDOWS\System32\ucrtbase.dll
0x00007ffd8bdd0000 - 0x00007ffd8bde8000 	C:\Program Files\java\jdk-13.0.2\bin\jli.dll
0x00007ffd84080000 - 0x00007ffd84095000 	C:\Program Files\java\jdk-13.0.2\bin\VCRUNTIME140.dll
0x00007ffd94b30000 - 0x00007ffd94cd0000 	C:\WINDOWS\System32\USER32.dll
0x00007ffd945b0000 - 0x00007ffd945d2000 	C:\WINDOWS\System32\win32u.dll
0x00007ffd95f90000 - 0x00007ffd95fbb000 	C:\WINDOWS\System32\GDI32.dll
0x00007ffd94710000 - 0x00007ffd9481d000 	C:\WINDOWS\System32\gdi32full.dll
0x00007ffd945e0000 - 0x00007ffd9467d000 	C:\WINDOWS\System32\msvcp_win.dll
0x00007ffd821e0000 - 0x00007ffd8247a000 	C:\WINDOWS\WinSxS\amd64_microsoft.windows.common-controls_6595b64144ccf1df_6.0.19041.1110_none_60b5254171f9507e\COMCTL32.dll
0x00007ffd94cd0000 - 0x00007ffd94d6e000 	C:\WINDOWS\System32\msvcrt.dll
0x00007ffd95980000 - 0x00007ffd959b0000 	C:\WINDOWS\System32\IMM32.DLL
0x00007ffd649f0000 - 0x00007ffd64a8b000 	C:\Program Files\java\jdk-13.0.2\bin\msvcp140.dll
0x00007ffd51e80000 - 0x00007ffd529dd000 	C:\Program Files\java\jdk-13.0.2\bin\server\jvm.dll
0x00007ffd94ef0000 - 0x00007ffd94f9e000 	C:\WINDOWS\System32\ADVAPI32.dll
0x00007ffd949c0000 - 0x00007ffd94a5c000 	C:\WINDOWS\System32\sechost.dll
0x00007ffd95130000 - 0x00007ffd95255000 	C:\WINDOWS\System32\RPCRT4.dll
0x00007ffd94900000 - 0x00007ffd94908000 	C:\WINDOWS\System32\PSAPI.DLL
0x00007ffd8e580000 - 0x00007ffd8e589000 	C:\WINDOWS\SYSTEM32\WSOCK32.dll
0x00007ffd7b220000 - 0x00007ffd7b247000 	C:\WINDOWS\SYSTEM32\WINMM.dll
0x00007ffd94e80000 - 0x00007ffd94eeb000 	C:\WINDOWS\System32\WS2_32.dll
0x00007ffd8c7f0000 - 0x00007ffd8c7fa000 	C:\WINDOWS\SYSTEM32\VERSION.dll
0x00007ffd92840000 - 0x00007ffd92852000 	C:\WINDOWS\SYSTEM32\kernel.appcore.dll
0x00007ffd8ebe0000 - 0x00007ffd8ebf0000 	C:\Program Files\java\jdk-13.0.2\bin\verify.dll
0x00007ffd91c40000 - 0x00007ffd91e24000 	C:\WINDOWS\SYSTEM32\DBGHELP.DLL
0x00007ffd91010000 - 0x00007ffd9103c000 	C:\WINDOWS\SYSTEM32\dbgcore.DLL
0x00007ffd94680000 - 0x00007ffd94702000 	C:\WINDOWS\System32\bcryptPrimitives.dll
0x00007ffd8bea0000 - 0x00007ffd8bec6000 	C:\Program Files\java\jdk-13.0.2\bin\java.dll
0x00007ffd8bd80000 - 0x00007ffd8bd97000 	C:\Program Files\java\jdk-13.0.2\bin\zip.dll
0x00007ffd8e8d0000 - 0x00007ffd8e8da000 	C:\Program Files\java\jdk-13.0.2\bin\jimage.dll
0x00007ffd96120000 - 0x00007ffd96864000 	C:\WINDOWS\System32\SHELL32.dll
0x00007ffd92090000 - 0x00007ffd92824000 	C:\WINDOWS\SYSTEM32\windows.storage.dll
0x00007ffd959b0000 - 0x00007ffd95d05000 	C:\WINDOWS\System32\combase.dll
0x00007ffd93a10000 - 0x00007ffd93a3e000 	C:\WINDOWS\SYSTEM32\Wldp.dll
0x00007ffd94dd0000 - 0x00007ffd94e7d000 	C:\WINDOWS\System32\SHCORE.dll
0x00007ffd94fa0000 - 0x00007ffd94ff5000 	C:\WINDOWS\System32\shlwapi.dll
0x00007ffd93f00000 - 0x00007ffd93f1f000 	C:\WINDOWS\SYSTEM32\profapi.dll
0x00007ffd8bb20000 - 0x00007ffd8bb39000 	C:\Program Files\java\jdk-13.0.2\bin\net.dll
0x00007ffd90e10000 - 0x00007ffd90f1c000 	C:\WINDOWS\SYSTEM32\WINHTTP.dll
0x00007ffd93770000 - 0x00007ffd937da000 	C:\WINDOWS\system32\mswsock.dll
0x00007ffd84a60000 - 0x00007ffd84a73000 	C:\Program Files\java\jdk-13.0.2\bin\nio.dll
0x00007ffd93960000 - 0x00007ffd93978000 	C:\WINDOWS\SYSTEM32\CRYPTSP.dll
0x00007ffd93080000 - 0x00007ffd930b4000 	C:\WINDOWS\system32\rsaenh.dll
0x00007ffd948d0000 - 0x00007ffd948f7000 	C:\WINDOWS\System32\bcrypt.dll
0x00007ffd93ec0000 - 0x00007ffd93eee000 	C:\WINDOWS\SYSTEM32\USERENV.dll
0x00007ffd93980000 - 0x00007ffd9398c000 	C:\WINDOWS\SYSTEM32\CRYPTBASE.dll
0x00007ffd93410000 - 0x00007ffd9344b000 	C:\WINDOWS\SYSTEM32\IPHLPAPI.DLL
0x00007ffd95e00000 - 0x00007ffd95e08000 	C:\WINDOWS\System32\NSI.dll
0x00007ffd8aa80000 - 0x00007ffd8aa97000 	C:\WINDOWS\SYSTEM32\dhcpcsvc6.DLL
0x00007ffd8c220000 - 0x00007ffd8c23d000 	C:\WINDOWS\SYSTEM32\dhcpcsvc.DLL
0x00007ffd934b0000 - 0x00007ffd9357b000 	C:\WINDOWS\SYSTEM32\DNSAPI.dll
0x00007ffd8d350000 - 0x00007ffd8d35a000 	C:\Users\KIM\AppData\Local\Temp\jansi-1.17.1-7802809600286730805.dll

dbghelp: loaded successfully - version: 4.0.5 - missing functions: none
symbol engine: initialized successfully - sym options: 0x614 - pdb path: .;C:\Program Files\java\jdk-13.0.2\bin;C:\WINDOWS\SYSTEM32;C:\WINDOWS\WinSxS\amd64_microsoft.windows.common-controls_6595b64144ccf1df_6.0.19041.1110_none_60b5254171f9507e;C:\Program Files\java\jdk-13.0.2\bin\server;C:\Users\KIM\AppData\Local\Temp

VM Arguments:
jvm_args: -Dmaven.home=EMBEDDED -Dclassworlds.conf=D:\workspace\.metadata\.plugins\org.eclipse.m2e.launching\launches\m2conf1666780891221929891.tmp -Dmaven.multiModuleProjectDirectory=D:\workspace\spring_shop_prac -Djansi.force=true -Djansi.passthrough=true -Dfile.encoding=UTF-8 
java_command: org.codehaus.plexus.classworlds.launcher.Launcher -Ppom.xml -B install -Dstyle.color=always
java_class_path (initial): D:\IDE\sts-4.11.0.RELEASE\plugins\org.eclipse.m2e.maven.runtime_1.18.0.20210603-1206\jars\plexus-classworlds-2.6.0.jar
Launcher Type: SUN_STANDARD

[Global flags]
     intx CICompilerCount                          = 4                                         {product} {ergonomic}
     uint ConcGCThreads                            = 2                                         {product} {ergonomic}
     uint G1ConcRefinementThreads                  = 8                                         {product} {ergonomic}
   size_t G1HeapRegionSize                         = 1048576                                   {product} {ergonomic}
    uintx GCDrainStackTargetSize                   = 64                                        {product} {ergonomic}
   size_t InitialHeapSize                          = 264241152                                 {product} {ergonomic}
   size_t MarkStackSize                            = 4194304                                   {product} {ergonomic}
   size_t MaxHeapSize                              = 4225761280                                {product} {ergonomic}
   size_t MaxNewSize                               = 2535456768                                {product} {ergonomic}
   size_t MinHeapDeltaBytes                        = 1048576                                   {product} {ergonomic}
   size_t MinHeapSize                              = 8388608                                   {product} {ergonomic}
    uintx NonNMethodCodeHeapSize                   = 5839372                                {pd product} {ergonomic}
    uintx NonProfiledCodeHeapSize                  = 122909434                              {pd product} {ergonomic}
    uintx ProfiledCodeHeapSize                     = 122909434                              {pd product} {ergonomic}
    uintx ReservedCodeCacheSize                    = 251658240                              {pd product} {ergonomic}
     bool SegmentedCodeCache                       = true                                      {product} {ergonomic}
   size_t SoftMaxHeapSize                          = 4225761280                             {manageable} {ergonomic}
     bool UseCompressedClassPointers               = true                                 {lp64_product} {ergonomic}
     bool UseCompressedOops                        = true                                 {lp64_product} {ergonomic}
     bool UseG1GC                                  = true                                      {product} {ergonomic}
     bool UseLargePagesIndividualAllocation        = false                                  {pd product} {ergonomic}

Logging:
Log output configuration:
 #0: stdout all=warning uptime,level,tags
 #1: stderr all=off uptime,level,tags

Environment Variables:
JAVA_HOME=C:\Program Files\java\jdk-13.0.2
CLASSPATH=C:\Program Files\java\jdk-13.0.2\lib;.;C:\Program Files (x86)\QuickTime\QTSystem\QTJava.zip;
PATH=C:/Program Files/java/jdk-13.0.2/bin/server;C:/Program Files/java/jdk-13.0.2/bin;C:\Program Files (x86)\H2\bin\bin;C:\Program Files\java\jdk-13.0.2\bin;C:\ProgramData\Anaconda3;C:\ProgramData\Anaconda3\Library\mingw-w64\bin;C:\ProgramData\Anaconda3\Library\usr\bin;C:\ProgramData\Anaconda3\Library\bin;C:\ProgramData\Anaconda3\Scripts;C:\WINDOWS\system32;C:\WINDOWS;C:\WINDOWS\System32\Wbem;C:\WINDOWS\System32\WindowsPowerShell\v1.0\;C:\WINDOWS\System32\OpenSSH\;C:\ProgramData\Microsoft\Windows\Start Menu\Programs\Python 3.7;D:\Git\cmd;C:\Program Files\nodejs\;D:\matlab\bin;C:\Program Files (x86)\QuickTime\QTSystem\;C:\ProgramData\chocolatey\bin;C:\ProgramData\chocolatey\lib\maven\apache-maven-3.8.2\bin;C:\Program Files\MySQL\MySQL Server 8.0\bin;C:\Program Files (x86)\H2\bin\bin;C:\Program Files\Amazon Corretto\jdk11.0.8_10\bin;C:\ProgramData\Anaconda3;C:\ProgramData\Anaconda3\Library\mingw-w64\bin;C:\ProgramData\Anaconda3\Library\usr\bin;C:\ProgramData\Anaconda3\Library\bin;C:\ProgramData\Anaconda3\Scripts;C:\WINDOWS\system32;C:\WINDOWS;C:\WINDOWS\System32\Wbem;C:\WINDOWS\System32\WindowsPowerShell\v1.0\;C:\WINDOWS\System32\OpenSSH\;C:\ProgramData\Microsoft\Windows\Start Menu\Programs\Python 3.7;D:\Git\cmd;C:\Program Files\nodejs\;D:\matlab\bin;C:\Program Files (x86)\QuickTime\QTSystem\;C:\Users\KIM\AppData\Local\Microsoft\WindowsApps;C:\Users\KIM\AppData\Roaming\npm;C:\Users\KIM\AppData\Local\Programs\Microsoft VS Code\bin;D:\TomcatServer\apache-tomcat-8.5.72;;D:\IDE\sts-4.11.0.RELEASE;
USERNAME=KIM
OS=Windows_NT
PROCESSOR_IDENTIFIER=Intel64 Family 6 Model 126 Stepping 5, GenuineIntel



---------------  S Y S T E M  ---------------

OS: Windows 10 , 64 bit Build 19041 (10.0.19041.1503)

CPU:total 8 (initial active 8) (4 cores per cpu, 2 threads per core) family 6 model 126 stepping 5, cmov, cx8, fxsr, mmx, sse, sse2, sse3, ssse3, sse4.1, sse4.2, popcnt, avx, avx2, aes, clmul, erms, 3dnowpref, lzcnt, ht, tsc, tscinvbit, bmi1, bmi2, adx, evex, sha, fma

Memory: 4k page, system-wide physical 16118M (5454M free)
TotalPageFile size 16118M (AvailPageFile size 5M)
current process WorkingSet (physical memory assigned to process): 477M, peak: 480M
current process commit charge ("private bytes"): 524M, peak: 529M

vm_info: OpenJDK 64-Bit Server VM (13.0.2+8) for windows-amd64 JRE (13.0.2+8), built on Dec 11 2019 09:20:05 by "mach5one" with unknown MS VC++:1916

END.
