#
# There is insufficient memory for the Java Runtime Environment to continue.
# Native memory allocation (malloc) failed to allocate 1104496 bytes for Chunk::new
# Possible reasons:
#   The system is out of physical RAM or swap space
#   The process is running with CompressedOops enabled, and the Java Heap may be blocking the growth of the native heap
# Possible solutions:
#   Reduce memory load on the system
#   Increase physical memory or swap space
#   Check if swap backing store is full
#   Decrease Java heap size (-Xmx/-Xms)
#   Decrease number of Java threads
#   Decrease Java thread stack sizes (-Xss)
#   Set larger code cache with -XX:ReservedCodeCacheSize=
#   JVM is running with Zero Based Compressed Oops mode in which the Java heap is
#     placed in the first 32GB address space. The Java Heap base address is the
#     maximum limit for the native heap growth. Please use -XX:HeapBaseMinAddress
#     to set the Java Heap base and to place the Java Heap above 32GB virtual address.
# This output file may be truncated or incomplete.
#
#  Out of Memory Error (t:/workspace/open/src/hotspot/share/memory/arena.cpp:196), pid=12384, tid=7476
#
# JRE version: OpenJDK Runtime Environment (13.0.2+8) (build 13.0.2+8)
# Java VM: OpenJDK 64-Bit Server VM (13.0.2+8, mixed mode, sharing, tiered, compressed oops, g1 gc, windows-amd64)
# No core dump will be written. Minidumps are not enabled by default on client versions of Windows
#

---------------  S U M M A R Y ------------

Command Line: -Dmaven.home=EMBEDDED -Dclassworlds.conf=D:\workspace\.metadata\.plugins\org.eclipse.m2e.launching\launches\m2conf10340089412501448637.tmp -Dmaven.multiModuleProjectDirectory=D:\workspace\spring_shop_prac -Djansi.force=true -Djansi.passthrough=true -Dfile.encoding=UTF-8 org.codehaus.plexus.classworlds.launcher.Launcher -Ppom.xml -B install -Dstyle.color=always

Host: Intel(R) Core(TM) i5-1035G7 CPU @ 1.20GHz, 8 cores, 15G,  Windows 10 , 64 bit Build 19041 (10.0.19041.1503)
Time: Thu Feb 24 18:26:44 2022 대한민국 표준시 elapsed time: 5 seconds (0d 0h 0m 5s)

---------------  T H R E A D  ---------------

Current thread (0x000002837fa2d800):  JavaThread "C2 CompilerThread0" daemon [_thread_in_native, id=7476, stack(0x000000f5fd000000,0x000000f5fd100000)]


Current CompileTask:
C2:   5934 6224       4       com.sun.tools.javac.code.Symtab::lookupPackage (243 bytes)

Stack: [0x000000f5fd000000,0x000000f5fd100000]
Native frames: (J=compiled Java code, j=interpreted, Vv=VM code, C=native code)
V  [jvm.dll+0x624f9a]
V  [jvm.dll+0x770cfa]
V  [jvm.dll+0x7724af]
V  [jvm.dll+0x772ab3]
V  [jvm.dll+0x24bf08]
V  [jvm.dll+0xc1e47]
V  [jvm.dll+0xc23cc]
V  [jvm.dll+0x2bdbf4]
V  [jvm.dll+0x5441fd]
V  [jvm.dll+0x20e00a]
V  [jvm.dll+0x207ace]
V  [jvm.dll+0x204d1d]
V  [jvm.dll+0x189c2c]
V  [jvm.dll+0x213e6d]
V  [jvm.dll+0x2120bb]
V  [jvm.dll+0x736bb6]
V  [jvm.dll+0x72fcaa]
V  [jvm.dll+0x623ea6]
C  [ucrtbase.dll+0x21bb2]
C  [KERNEL32.DLL+0x17034]
C  [ntdll.dll+0x52651]


---------------  P R O C E S S  ---------------

Threads class SMR info:
_java_thread_list=0x00000283688e2b50, length=12, elements={
0x000002836882f000, 0x000002837f16c800, 0x000002837f170800, 0x000002837fa28800,
0x000002837fa2a000, 0x000002837fa2d800, 0x000002837fa34800, 0x000002837f19a800,
0x000002837fb68000, 0x000002837fb6b800, 0x000002837fd9a800, 0x00000283114cc000
}

Java Threads: ( => current thread )
  0x000002836882f000 JavaThread "main" [_thread_in_native, id=21964, stack(0x000000f5fc500000,0x000000f5fc600000)]
  0x000002837f16c800 JavaThread "Reference Handler" daemon [_thread_blocked, id=4824, stack(0x000000f5fcc00000,0x000000f5fcd00000)]
  0x000002837f170800 JavaThread "Finalizer" daemon [_thread_blocked, id=16844, stack(0x000000f5fcd00000,0x000000f5fce00000)]
  0x000002837fa28800 JavaThread "Signal Dispatcher" daemon [_thread_blocked, id=10924, stack(0x000000f5fce00000,0x000000f5fcf00000)]
  0x000002837fa2a000 JavaThread "Attach Listener" daemon [_thread_blocked, id=10332, stack(0x000000f5fcf00000,0x000000f5fd000000)]
=>0x000002837fa2d800 JavaThread "C2 CompilerThread0" daemon [_thread_in_native, id=7476, stack(0x000000f5fd000000,0x000000f5fd100000)]
  0x000002837fa34800 JavaThread "C1 CompilerThread0" daemon [_thread_blocked, id=2908, stack(0x000000f5fd100000,0x000000f5fd200000)]
  0x000002837f19a800 JavaThread "Sweeper thread" daemon [_thread_blocked, id=11940, stack(0x000000f5fd200000,0x000000f5fd300000)]
  0x000002837fb68000 JavaThread "Service Thread" daemon [_thread_blocked, id=11164, stack(0x000000f5fd300000,0x000000f5fd400000)]
  0x000002837fb6b800 JavaThread "Common-Cleaner" daemon [_thread_blocked, id=4820, stack(0x000000f5fd500000,0x000000f5fd600000)]
  0x000002837fd9a800 JavaThread "C2 CompilerThread1" daemon [_thread_in_native, id=19904, stack(0x000000f5fd600000,0x000000f5fd700000)]
  0x00000283114cc000 JavaThread "C2 CompilerThread2" daemon [_thread_in_native, id=11812, stack(0x000000f5fd700000,0x000000f5fd800000)]

Other Threads:
  0x000002837f169800 VMThread "VM Thread" [stack: 0x000000f5fcb00000,0x000000f5fcc00000] [id=6584]
  0x000002837fb6a800 WatcherThread [stack: 0x000000f5fd400000,0x000000f5fd500000] [id=292]
  0x0000028368899800 GCTaskThread "GC Thread#0" [stack: 0x000000f5fc600000,0x000000f5fc700000] [id=16188]
  0x000002830f68b000 GCTaskThread "GC Thread#1" [stack: 0x000000f5fd800000,0x000000f5fd900000] [id=8976]
  0x000002830f68f000 GCTaskThread "GC Thread#2" [stack: 0x000000f5fd900000,0x000000f5fda00000] [id=13004]
  0x000002830f68b800 GCTaskThread "GC Thread#3" [stack: 0x000000f5fda00000,0x000000f5fdb00000] [id=4188]
  0x000002830f68c800 GCTaskThread "GC Thread#4" [stack: 0x000000f5fdb00000,0x000000f5fdc00000] [id=21304]
  0x000002830f68d000 GCTaskThread "GC Thread#5" [stack: 0x000000f5fdc00000,0x000000f5fdd00000] [id=22192]
  0x00000283688bb000 ConcurrentGCThread "G1 Main Marker" [stack: 0x000000f5fc700000,0x000000f5fc800000] [id=20072]
  0x00000283688bd800 ConcurrentGCThread "G1 Conc#0" [stack: 0x000000f5fc800000,0x000000f5fc900000] [id=19496]
  0x000002830f68e800 ConcurrentGCThread "G1 Conc#1" [stack: 0x000000f5fde00000,0x000000f5fdf00000] [id=13440]
  0x000002837f066800 ConcurrentGCThread "G1 Refine#0" [stack: 0x000000f5fc900000,0x000000f5fca00000] [id=19476]
  0x000002837f068800 ConcurrentGCThread "G1 Young RemSet Sampling" [stack: 0x000000f5fca00000,0x000000f5fcb00000] [id=11708]

Threads with active compile tasks:
C2 CompilerThread0     5958 6224       4       com.sun.tools.javac.code.Symtab::lookupPackage (243 bytes)
C1 CompilerThread0     5958 6325       3       jdk.nio.zipfs.ZipFileSystem$EntryInputStream::initDataPos (94 bytes)
C2 CompilerThread1     5958 6321   !   4       java.nio.file.FileTreeWalker::visit (204 bytes)
C2 CompilerThread2     5958 6306       4       com.sun.tools.javac.code.Symtab::enterPackage (79 bytes)

VM state:not at safepoint (normal execution)

VM Mutex/Monitor currently owned by a thread: None

Heap address: 0x0000000704200000, size: 4030 MB, Compressed Oops mode: Zero based, Oop shift amount: 3
Narrow klass base: 0x0000000800000000, Narrow klass shift: 3
Compressed class space size: 1073741824 Address: 0x0000000800b40000

Heap:
 garbage-first heap   total 287744K, used 76722K [0x0000000704200000, 0x0000000800000000)
  region size 1024K, 36 young (36864K), 9 survivors (9216K)
 Metaspace       used 26505K, capacity 27262K, committed 27440K, reserved 1073152K
  class space    used 2889K, capacity 3154K, committed 3200K, reserved 1048576K
Heap Regions: E=young(eden), S=young(survivor), O=old, HS=humongous(starts), HC=humongous(continues), CS=collection set, F=free, A=archive, TAMS=top-at-mark-start (previous, next)
|   0|0x0000000704200000, 0x0000000704300000, 0x0000000704300000|100%| O|  |TAMS 0x0000000704300000, 0x0000000704200000| Untracked 
|   1|0x0000000704300000, 0x0000000704300000, 0x0000000704400000|  0%| F|  |TAMS 0x0000000704300000, 0x0000000704300000| Untracked 
|   2|0x0000000704400000, 0x0000000704500000, 0x0000000704500000|100%| O|  |TAMS 0x0000000704500000, 0x0000000704400000| Untracked 
|   3|0x0000000704500000, 0x0000000704600000, 0x0000000704600000|100%| O|  |TAMS 0x0000000704600000, 0x0000000704500000| Untracked 
|   4|0x0000000704600000, 0x0000000704644600, 0x0000000704700000| 26%| O|  |TAMS 0x0000000704644600, 0x0000000704600000| Untracked 
|   5|0x0000000704700000, 0x0000000704800000, 0x0000000704800000|100%|HS|  |TAMS 0x0000000704800000, 0x0000000704700000| Complete 
|   6|0x0000000704800000, 0x0000000704900000, 0x0000000704900000|100%| O|  |TAMS 0x0000000704900000, 0x0000000704800000| Untracked 
|   7|0x0000000704900000, 0x0000000704a00000, 0x0000000704a00000|100%| O|  |TAMS 0x0000000704a00000, 0x0000000704900000| Untracked 
|   8|0x0000000704a00000, 0x0000000704b00000, 0x0000000704b00000|100%| O|  |TAMS 0x0000000704b00000, 0x0000000704a00000| Untracked 
|   9|0x0000000704b00000, 0x0000000704c00000, 0x0000000704c00000|100%| O|  |TAMS 0x0000000704c00000, 0x0000000704b00000| Untracked 
|  10|0x0000000704c00000, 0x0000000704d00000, 0x0000000704d00000|100%| O|  |TAMS 0x0000000704d00000, 0x0000000704c00000| Untracked 
|  11|0x0000000704d00000, 0x0000000704e00000, 0x0000000704e00000|100%| O|  |TAMS 0x0000000704e00000, 0x0000000704d00000| Untracked 
|  12|0x0000000704e00000, 0x0000000704f00000, 0x0000000704f00000|100%| O|  |TAMS 0x0000000704f00000, 0x0000000704e00000| Untracked 
|  13|0x0000000704f00000, 0x0000000705000000, 0x0000000705000000|100%| O|  |TAMS 0x0000000705000000, 0x0000000704f00000| Untracked 
|  14|0x0000000705000000, 0x0000000705100000, 0x0000000705100000|100%| O|  |TAMS 0x0000000705100000, 0x0000000705000000| Untracked 
|  15|0x0000000705100000, 0x0000000705200000, 0x0000000705200000|100%| O|  |TAMS 0x0000000705200000, 0x0000000705100000| Untracked 
|  16|0x0000000705200000, 0x0000000705300000, 0x0000000705300000|100%| O|  |TAMS 0x0000000705300000, 0x0000000705200000| Untracked 
|  17|0x0000000705300000, 0x0000000705400000, 0x0000000705400000|100%| O|  |TAMS 0x0000000705400000, 0x0000000705300000| Untracked 
|  18|0x0000000705400000, 0x0000000705500000, 0x0000000705500000|100%| O|  |TAMS 0x0000000705500000, 0x0000000705400000| Untracked 
|  19|0x0000000705500000, 0x0000000705600000, 0x0000000705600000|100%| O|  |TAMS 0x0000000705600000, 0x0000000705500000| Untracked 
|  20|0x0000000705600000, 0x0000000705700000, 0x0000000705700000|100%| O|  |TAMS 0x0000000705700000, 0x0000000705600000| Untracked 
|  21|0x0000000705700000, 0x0000000705800000, 0x0000000705800000|100%| O|  |TAMS 0x0000000705800000, 0x0000000705700000| Untracked 
|  22|0x0000000705800000, 0x0000000705900000, 0x0000000705900000|100%| O|  |TAMS 0x0000000705900000, 0x0000000705800000| Untracked 
|  23|0x0000000705900000, 0x0000000705a00000, 0x0000000705a00000|100%| O|  |TAMS 0x0000000705a00000, 0x0000000705900000| Untracked 
|  24|0x0000000705a00000, 0x0000000705b00000, 0x0000000705b00000|100%| O|  |TAMS 0x0000000705b00000, 0x0000000705a00000| Untracked 
|  25|0x0000000705b00000, 0x0000000705c00000, 0x0000000705c00000|100%| O|  |TAMS 0x0000000705c00000, 0x0000000705b00000| Untracked 
|  26|0x0000000705c00000, 0x0000000705d00000, 0x0000000705d00000|100%| O|  |TAMS 0x0000000705d00000, 0x0000000705c00000| Untracked 
|  27|0x0000000705d00000, 0x0000000705e00000, 0x0000000705e00000|100%| O|  |TAMS 0x0000000705e00000, 0x0000000705d00000| Untracked 
|  28|0x0000000705e00000, 0x0000000705f00000, 0x0000000705f00000|100%| O|  |TAMS 0x0000000705f00000, 0x0000000705e00000| Untracked 
|  29|0x0000000705f00000, 0x0000000706000000, 0x0000000706000000|100%| O|  |TAMS 0x0000000706000000, 0x0000000705f00000| Untracked 
|  30|0x0000000706000000, 0x0000000706100000, 0x0000000706100000|100%| O|  |TAMS 0x0000000706100000, 0x0000000706000000| Untracked 
|  31|0x0000000706100000, 0x0000000706200000, 0x0000000706200000|100%| O|  |TAMS 0x0000000706200000, 0x0000000706100000| Untracked 
|  32|0x0000000706200000, 0x0000000706300000, 0x0000000706300000|100%| O|  |TAMS 0x0000000706300000, 0x0000000706200000| Untracked 
|  33|0x0000000706300000, 0x0000000706400000, 0x0000000706400000|100%| O|  |TAMS 0x0000000706400000, 0x0000000706300000| Untracked 
|  34|0x0000000706400000, 0x0000000706500000, 0x0000000706500000|100%| O|  |TAMS 0x0000000706500000, 0x0000000706400000| Untracked 
|  35|0x0000000706500000, 0x0000000706550400, 0x0000000706600000| 31%| O|  |TAMS 0x0000000706550400, 0x0000000706500000| Untracked 
|  36|0x0000000706600000, 0x0000000706700000, 0x0000000706700000|100%|HS|  |TAMS 0x0000000706700000, 0x0000000706600000| Complete 
|  37|0x0000000706700000, 0x0000000706800000, 0x0000000706800000|100%| O|  |TAMS 0x0000000706800000, 0x0000000706700000| Untracked 
|  38|0x0000000706800000, 0x0000000706900000, 0x0000000706900000|100%| O|  |TAMS 0x0000000706900000, 0x0000000706800000| Untracked 
|  39|0x0000000706900000, 0x0000000706a00000, 0x0000000706a00000|100%|HS|  |TAMS 0x0000000706900000, 0x0000000706900000| Complete 
|  40|0x0000000706a00000, 0x0000000706b00000, 0x0000000706b00000|100%|HS|  |TAMS 0x0000000706a00000, 0x0000000706a00000| Complete 
|  41|0x0000000706b00000, 0x0000000706b00000, 0x0000000706c00000|  0%| F|  |TAMS 0x0000000706b00000, 0x0000000706b00000| Untracked 
|  42|0x0000000706c00000, 0x0000000706c00000, 0x0000000706d00000|  0%| F|  |TAMS 0x0000000706c00000, 0x0000000706c00000| Untracked 
|  43|0x0000000706d00000, 0x0000000706d00000, 0x0000000706e00000|  0%| F|  |TAMS 0x0000000706d00000, 0x0000000706d00000| Untracked 
|  44|0x0000000706e00000, 0x0000000706e00000, 0x0000000706f00000|  0%| F|  |TAMS 0x0000000706e00000, 0x0000000706e00000| Untracked 
|  45|0x0000000706f00000, 0x0000000706f00000, 0x0000000707000000|  0%| F|  |TAMS 0x0000000706f00000, 0x0000000706f00000| Untracked 
|  46|0x0000000707000000, 0x0000000707000000, 0x0000000707100000|  0%| F|  |TAMS 0x0000000707000000, 0x0000000707000000| Untracked 
|  47|0x0000000707100000, 0x0000000707100000, 0x0000000707200000|  0%| F|  |TAMS 0x0000000707100000, 0x0000000707100000| Untracked 
|  48|0x0000000707200000, 0x0000000707200000, 0x0000000707300000|  0%| F|  |TAMS 0x0000000707200000, 0x0000000707200000| Untracked 
|  49|0x0000000707300000, 0x0000000707300000, 0x0000000707400000|  0%| F|  |TAMS 0x0000000707300000, 0x0000000707300000| Untracked 
|  50|0x0000000707400000, 0x0000000707400000, 0x0000000707500000|  0%| F|  |TAMS 0x0000000707400000, 0x0000000707400000| Untracked 
|  51|0x0000000707500000, 0x0000000707500000, 0x0000000707600000|  0%| F|  |TAMS 0x0000000707500000, 0x0000000707500000| Untracked 
|  52|0x0000000707600000, 0x0000000707600000, 0x0000000707700000|  0%| F|  |TAMS 0x0000000707600000, 0x0000000707600000| Untracked 
|  53|0x0000000707700000, 0x0000000707700000, 0x0000000707800000|  0%| F|  |TAMS 0x0000000707700000, 0x0000000707700000| Untracked 
|  54|0x0000000707800000, 0x0000000707800000, 0x0000000707900000|  0%| F|  |TAMS 0x0000000707800000, 0x0000000707800000| Untracked 
|  55|0x0000000707900000, 0x0000000707900000, 0x0000000707a00000|  0%| F|  |TAMS 0x0000000707900000, 0x0000000707900000| Untracked 
|  56|0x0000000707a00000, 0x0000000707a00000, 0x0000000707b00000|  0%| F|  |TAMS 0x0000000707a00000, 0x0000000707a00000| Untracked 
|  57|0x0000000707b00000, 0x0000000707b00000, 0x0000000707c00000|  0%| F|  |TAMS 0x0000000707b00000, 0x0000000707b00000| Untracked 
|  58|0x0000000707c00000, 0x0000000707c00000, 0x0000000707d00000|  0%| F|  |TAMS 0x0000000707c00000, 0x0000000707c00000| Untracked 
|  59|0x0000000707d00000, 0x0000000707e00000, 0x0000000707e00000|100%| O|  |TAMS 0x0000000707e00000, 0x0000000707d00000| Untracked 
|  60|0x0000000707e00000, 0x0000000707f00000, 0x0000000707f00000|100%| O|  |TAMS 0x0000000707f00000, 0x0000000707e00000| Untracked 
|  61|0x0000000707f00000, 0x0000000707fd8000, 0x0000000708000000| 84%| O|  |TAMS 0x0000000707fd8000, 0x0000000707f00000| Untracked 
|  62|0x0000000708000000, 0x0000000708000000, 0x0000000708100000|  0%| F|  |TAMS 0x0000000708000000, 0x0000000708000000| Untracked 
|  63|0x0000000708100000, 0x0000000708100000, 0x0000000708200000|  0%| F|  |TAMS 0x0000000708100000, 0x0000000708100000| Untracked 
|  64|0x0000000708200000, 0x0000000708200000, 0x0000000708300000|  0%| F|  |TAMS 0x0000000708200000, 0x0000000708200000| Untracked 
|  65|0x0000000708300000, 0x0000000708300000, 0x0000000708400000|  0%| F|  |TAMS 0x0000000708300000, 0x0000000708300000| Untracked 
|  66|0x0000000708400000, 0x0000000708400000, 0x0000000708500000|  0%| F|  |TAMS 0x0000000708400000, 0x0000000708400000| Untracked 
|  67|0x0000000708500000, 0x0000000708500000, 0x0000000708600000|  0%| F|  |TAMS 0x0000000708500000, 0x0000000708500000| Untracked 
|  68|0x0000000708600000, 0x0000000708600000, 0x0000000708700000|  0%| F|  |TAMS 0x0000000708600000, 0x0000000708600000| Untracked 
|  69|0x0000000708700000, 0x0000000708700000, 0x0000000708800000|  0%| F|  |TAMS 0x0000000708700000, 0x0000000708700000| Untracked 
|  70|0x0000000708800000, 0x0000000708800000, 0x0000000708900000|  0%| F|  |TAMS 0x0000000708800000, 0x0000000708800000| Untracked 
|  71|0x0000000708900000, 0x0000000708900000, 0x0000000708a00000|  0%| F|  |TAMS 0x0000000708900000, 0x0000000708900000| Untracked 
|  72|0x0000000708a00000, 0x0000000708a00000, 0x0000000708b00000|  0%| F|  |TAMS 0x0000000708a00000, 0x0000000708a00000| Untracked 
|  73|0x0000000708b00000, 0x0000000708b00000, 0x0000000708c00000|  0%| F|  |TAMS 0x0000000708b00000, 0x0000000708b00000| Untracked 
|  74|0x0000000708c00000, 0x0000000708c00000, 0x0000000708d00000|  0%| F|  |TAMS 0x0000000708c00000, 0x0000000708c00000| Untracked 
|  75|0x0000000708d00000, 0x0000000708d00000, 0x0000000708e00000|  0%| F|  |TAMS 0x0000000708d00000, 0x0000000708d00000| Untracked 
|  76|0x0000000708e00000, 0x0000000708e00000, 0x0000000708f00000|  0%| F|  |TAMS 0x0000000708e00000, 0x0000000708e00000| Untracked 
|  77|0x0000000708f00000, 0x0000000708f00000, 0x0000000709000000|  0%| F|  |TAMS 0x0000000708f00000, 0x0000000708f00000| Untracked 
|  78|0x0000000709000000, 0x0000000709000000, 0x0000000709100000|  0%| F|  |TAMS 0x0000000709000000, 0x0000000709000000| Untracked 
|  79|0x0000000709100000, 0x0000000709100000, 0x0000000709200000|  0%| F|  |TAMS 0x0000000709100000, 0x0000000709100000| Untracked 
|  80|0x0000000709200000, 0x0000000709200000, 0x0000000709300000|  0%| F|  |TAMS 0x0000000709200000, 0x0000000709200000| Untracked 
|  81|0x0000000709300000, 0x0000000709300000, 0x0000000709400000|  0%| F|  |TAMS 0x0000000709300000, 0x0000000709300000| Untracked 
|  82|0x0000000709400000, 0x0000000709400000, 0x0000000709500000|  0%| F|  |TAMS 0x0000000709400000, 0x0000000709400000| Untracked 
|  83|0x0000000709500000, 0x0000000709500000, 0x0000000709600000|  0%| F|  |TAMS 0x0000000709500000, 0x0000000709500000| Untracked 
|  84|0x0000000709600000, 0x0000000709600000, 0x0000000709700000|  0%| F|  |TAMS 0x0000000709600000, 0x0000000709600000| Untracked 
|  85|0x0000000709700000, 0x0000000709700000, 0x0000000709800000|  0%| F|  |TAMS 0x0000000709700000, 0x0000000709700000| Untracked 
|  86|0x0000000709800000, 0x0000000709800000, 0x0000000709900000|  0%| F|  |TAMS 0x0000000709800000, 0x0000000709800000| Untracked 
|  87|0x0000000709900000, 0x0000000709900000, 0x0000000709a00000|  0%| F|  |TAMS 0x0000000709900000, 0x0000000709900000| Untracked 
|  88|0x0000000709a00000, 0x0000000709a00000, 0x0000000709b00000|  0%| F|  |TAMS 0x0000000709a00000, 0x0000000709a00000| Untracked 
|  89|0x0000000709b00000, 0x0000000709b00000, 0x0000000709c00000|  0%| F|  |TAMS 0x0000000709b00000, 0x0000000709b00000| Untracked 
|  90|0x0000000709c00000, 0x0000000709c00000, 0x0000000709d00000|  0%| F|  |TAMS 0x0000000709c00000, 0x0000000709c00000| Untracked 
|  91|0x0000000709d00000, 0x0000000709d00000, 0x0000000709e00000|  0%| F|  |TAMS 0x0000000709d00000, 0x0000000709d00000| Untracked 
|  92|0x0000000709e00000, 0x0000000709e00000, 0x0000000709f00000|  0%| F|  |TAMS 0x0000000709e00000, 0x0000000709e00000| Untracked 
|  93|0x0000000709f00000, 0x0000000709f00000, 0x000000070a000000|  0%| F|  |TAMS 0x0000000709f00000, 0x0000000709f00000| Untracked 
|  94|0x000000070a000000, 0x000000070a000000, 0x000000070a100000|  0%| F|  |TAMS 0x000000070a000000, 0x000000070a000000| Untracked 
|  95|0x000000070a100000, 0x000000070a100000, 0x000000070a200000|  0%| F|  |TAMS 0x000000070a100000, 0x000000070a100000| Untracked 
|  96|0x000000070a200000, 0x000000070a200000, 0x000000070a300000|  0%| F|  |TAMS 0x000000070a200000, 0x000000070a200000| Untracked 
|  97|0x000000070a300000, 0x000000070a300000, 0x000000070a400000|  0%| F|  |TAMS 0x000000070a300000, 0x000000070a300000| Untracked 
|  98|0x000000070a400000, 0x000000070a400000, 0x000000070a500000|  0%| F|  |TAMS 0x000000070a400000, 0x000000070a400000| Untracked 
|  99|0x000000070a500000, 0x000000070a500000, 0x000000070a600000|  0%| F|  |TAMS 0x000000070a500000, 0x000000070a500000| Untracked 
| 100|0x000000070a600000, 0x000000070a600000, 0x000000070a700000|  0%| F|  |TAMS 0x000000070a600000, 0x000000070a600000| Untracked 
| 101|0x000000070a700000, 0x000000070a700000, 0x000000070a800000|  0%| F|  |TAMS 0x000000070a700000, 0x000000070a700000| Untracked 
| 102|0x000000070a800000, 0x000000070a800000, 0x000000070a900000|  0%| F|  |TAMS 0x000000070a800000, 0x000000070a800000| Untracked 
| 103|0x000000070a900000, 0x000000070a900000, 0x000000070aa00000|  0%| F|  |TAMS 0x000000070a900000, 0x000000070a900000| Untracked 
| 104|0x000000070aa00000, 0x000000070aa00000, 0x000000070ab00000|  0%| F|  |TAMS 0x000000070aa00000, 0x000000070aa00000| Untracked 
| 105|0x000000070ab00000, 0x000000070ab00000, 0x000000070ac00000|  0%| F|  |TAMS 0x000000070ab00000, 0x000000070ab00000| Untracked 
| 106|0x000000070ac00000, 0x000000070ac00000, 0x000000070ad00000|  0%| F|  |TAMS 0x000000070ac00000, 0x000000070ac00000| Untracked 
| 107|0x000000070ad00000, 0x000000070ad00000, 0x000000070ae00000|  0%| F|  |TAMS 0x000000070ad00000, 0x000000070ad00000| Untracked 
| 108|0x000000070ae00000, 0x000000070ae00000, 0x000000070af00000|  0%| F|  |TAMS 0x000000070ae00000, 0x000000070ae00000| Untracked 
| 109|0x000000070af00000, 0x000000070af00000, 0x000000070b000000|  0%| F|  |TAMS 0x000000070af00000, 0x000000070af00000| Untracked 
| 110|0x000000070b000000, 0x000000070b000000, 0x000000070b100000|  0%| F|  |TAMS 0x000000070b000000, 0x000000070b000000| Untracked 
| 111|0x000000070b100000, 0x000000070b100000, 0x000000070b200000|  0%| F|  |TAMS 0x000000070b100000, 0x000000070b100000| Untracked 
| 112|0x000000070b200000, 0x000000070b200000, 0x000000070b300000|  0%| F|  |TAMS 0x000000070b200000, 0x000000070b200000| Untracked 
| 113|0x000000070b300000, 0x000000070b300000, 0x000000070b400000|  0%| F|  |TAMS 0x000000070b300000, 0x000000070b300000| Untracked 
| 114|0x000000070b400000, 0x000000070b400000, 0x000000070b500000|  0%| F|  |TAMS 0x000000070b400000, 0x000000070b400000| Untracked 
| 115|0x000000070b500000, 0x000000070b500000, 0x000000070b600000|  0%| F|  |TAMS 0x000000070b500000, 0x000000070b500000| Untracked 
| 116|0x000000070b600000, 0x000000070b600000, 0x000000070b700000|  0%| F|  |TAMS 0x000000070b600000, 0x000000070b600000| Untracked 
| 117|0x000000070b700000, 0x000000070b700000, 0x000000070b800000|  0%| F|  |TAMS 0x000000070b700000, 0x000000070b700000| Untracked 
| 118|0x000000070b800000, 0x000000070b800000, 0x000000070b900000|  0%| F|  |TAMS 0x000000070b800000, 0x000000070b800000| Untracked 
| 119|0x000000070b900000, 0x000000070b900000, 0x000000070ba00000|  0%| F|  |TAMS 0x000000070b900000, 0x000000070b900000| Untracked 
| 120|0x000000070ba00000, 0x000000070ba00000, 0x000000070bb00000|  0%| F|  |TAMS 0x000000070ba00000, 0x000000070ba00000| Untracked 
| 121|0x000000070bb00000, 0x000000070bb00000, 0x000000070bc00000|  0%| F|  |TAMS 0x000000070bb00000, 0x000000070bb00000| Untracked 
| 122|0x000000070bc00000, 0x000000070bc00000, 0x000000070bd00000|  0%| F|  |TAMS 0x000000070bc00000, 0x000000070bc00000| Untracked 
| 123|0x000000070bd00000, 0x000000070bd00000, 0x000000070be00000|  0%| F|  |TAMS 0x000000070bd00000, 0x000000070bd00000| Untracked 
| 124|0x000000070be00000, 0x000000070be00000, 0x000000070bf00000|  0%| F|  |TAMS 0x000000070be00000, 0x000000070be00000| Untracked 
| 125|0x000000070bf00000, 0x000000070bf00000, 0x000000070c000000|  0%| F|  |TAMS 0x000000070bf00000, 0x000000070bf00000| Untracked 
| 126|0x000000070c000000, 0x000000070c000000, 0x000000070c100000|  0%| F|  |TAMS 0x000000070c000000, 0x000000070c000000| Untracked 
| 127|0x000000070c100000, 0x000000070c100000, 0x000000070c200000|  0%| F|  |TAMS 0x000000070c100000, 0x000000070c100000| Untracked 
| 128|0x000000070c200000, 0x000000070c200000, 0x000000070c300000|  0%| F|  |TAMS 0x000000070c200000, 0x000000070c200000| Untracked 
| 129|0x000000070c300000, 0x000000070c300000, 0x000000070c400000|  0%| F|  |TAMS 0x000000070c300000, 0x000000070c300000| Untracked 
| 130|0x000000070c400000, 0x000000070c400000, 0x000000070c500000|  0%| F|  |TAMS 0x000000070c400000, 0x000000070c400000| Untracked 
| 131|0x000000070c500000, 0x000000070c500000, 0x000000070c600000|  0%| F|  |TAMS 0x000000070c500000, 0x000000070c500000| Untracked 
| 132|0x000000070c600000, 0x000000070c600000, 0x000000070c700000|  0%| F|  |TAMS 0x000000070c600000, 0x000000070c600000| Untracked 
| 133|0x000000070c700000, 0x000000070c700000, 0x000000070c800000|  0%| F|  |TAMS 0x000000070c700000, 0x000000070c700000| Untracked 
| 134|0x000000070c800000, 0x000000070c800000, 0x000000070c900000|  0%| F|  |TAMS 0x000000070c800000, 0x000000070c800000| Untracked 
| 135|0x000000070c900000, 0x000000070c900000, 0x000000070ca00000|  0%| F|  |TAMS 0x000000070c900000, 0x000000070c900000| Untracked 
| 136|0x000000070ca00000, 0x000000070ca00000, 0x000000070cb00000|  0%| F|  |TAMS 0x000000070ca00000, 0x000000070ca00000| Untracked 
| 137|0x000000070cb00000, 0x000000070cb00000, 0x000000070cc00000|  0%| F|  |TAMS 0x000000070cb00000, 0x000000070cb00000| Untracked 
| 138|0x000000070cc00000, 0x000000070cc00000, 0x000000070cd00000|  0%| F|  |TAMS 0x000000070cc00000, 0x000000070cc00000| Untracked 
| 139|0x000000070cd00000, 0x000000070cd00000, 0x000000070ce00000|  0%| F|  |TAMS 0x000000070cd00000, 0x000000070cd00000| Untracked 
| 140|0x000000070ce00000, 0x000000070ce00000, 0x000000070cf00000|  0%| F|  |TAMS 0x000000070ce00000, 0x000000070ce00000| Untracked 
| 141|0x000000070cf00000, 0x000000070cf00000, 0x000000070d000000|  0%| F|  |TAMS 0x000000070cf00000, 0x000000070cf00000| Untracked 
| 142|0x000000070d000000, 0x000000070d000000, 0x000000070d100000|  0%| F|  |TAMS 0x000000070d000000, 0x000000070d000000| Untracked 
| 143|0x000000070d100000, 0x000000070d100000, 0x000000070d200000|  0%| F|  |TAMS 0x000000070d100000, 0x000000070d100000| Untracked 
| 144|0x000000070d200000, 0x000000070d200000, 0x000000070d300000|  0%| F|  |TAMS 0x000000070d200000, 0x000000070d200000| Untracked 
| 145|0x000000070d300000, 0x000000070d300000, 0x000000070d400000|  0%| F|  |TAMS 0x000000070d300000, 0x000000070d300000| Untracked 
| 146|0x000000070d400000, 0x000000070d400000, 0x000000070d500000|  0%| F|  |TAMS 0x000000070d400000, 0x000000070d400000| Untracked 
| 147|0x000000070d500000, 0x000000070d500000, 0x000000070d600000|  0%| F|  |TAMS 0x000000070d500000, 0x000000070d500000| Untracked 
| 148|0x000000070d600000, 0x000000070d600000, 0x000000070d700000|  0%| F|  |TAMS 0x000000070d600000, 0x000000070d600000| Untracked 
| 149|0x000000070d700000, 0x000000070d700000, 0x000000070d800000|  0%| F|  |TAMS 0x000000070d700000, 0x000000070d700000| Untracked 
| 150|0x000000070d800000, 0x000000070d87fe60, 0x000000070d900000| 49%| S|CS|TAMS 0x000000070d800000, 0x000000070d800000| Complete 
| 151|0x000000070d900000, 0x000000070da00000, 0x000000070da00000|100%| S|CS|TAMS 0x000000070d900000, 0x000000070d900000| Complete 
| 152|0x000000070da00000, 0x000000070db00000, 0x000000070db00000|100%| S|CS|TAMS 0x000000070da00000, 0x000000070da00000| Complete 
| 153|0x000000070db00000, 0x000000070dc00000, 0x000000070dc00000|100%| S|CS|TAMS 0x000000070db00000, 0x000000070db00000| Complete 
| 154|0x000000070dc00000, 0x000000070dd00000, 0x000000070dd00000|100%| S|CS|TAMS 0x000000070dc00000, 0x000000070dc00000| Complete 
| 155|0x000000070dd00000, 0x000000070de00000, 0x000000070de00000|100%| S|CS|TAMS 0x000000070dd00000, 0x000000070dd00000| Complete 
| 156|0x000000070de00000, 0x000000070df00000, 0x000000070df00000|100%| S|CS|TAMS 0x000000070de00000, 0x000000070de00000| Complete 
| 157|0x000000070df00000, 0x000000070e000000, 0x000000070e000000|100%| S|CS|TAMS 0x000000070df00000, 0x000000070df00000| Complete 
| 158|0x000000070e000000, 0x000000070e100000, 0x000000070e100000|100%| S|CS|TAMS 0x000000070e000000, 0x000000070e000000| Complete 
| 159|0x000000070e100000, 0x000000070e100000, 0x000000070e200000|  0%| F|  |TAMS 0x000000070e100000, 0x000000070e100000| Untracked 
| 160|0x000000070e200000, 0x000000070e200000, 0x000000070e300000|  0%| F|  |TAMS 0x000000070e200000, 0x000000070e200000| Untracked 
| 161|0x000000070e300000, 0x000000070e300000, 0x000000070e400000|  0%| F|  |TAMS 0x000000070e300000, 0x000000070e300000| Untracked 
| 162|0x000000070e400000, 0x000000070e400000, 0x000000070e500000|  0%| F|  |TAMS 0x000000070e400000, 0x000000070e400000| Untracked 
| 163|0x000000070e500000, 0x000000070e500000, 0x000000070e600000|  0%| F|  |TAMS 0x000000070e500000, 0x000000070e500000| Untracked 
| 164|0x000000070e600000, 0x000000070e600000, 0x000000070e700000|  0%| F|  |TAMS 0x000000070e600000, 0x000000070e600000| Untracked 
| 165|0x000000070e700000, 0x000000070e700000, 0x000000070e800000|  0%| F|  |TAMS 0x000000070e700000, 0x000000070e700000| Untracked 
| 166|0x000000070e800000, 0x000000070e800000, 0x000000070e900000|  0%| F|  |TAMS 0x000000070e800000, 0x000000070e800000| Untracked 
| 167|0x000000070e900000, 0x000000070e900000, 0x000000070ea00000|  0%| F|  |TAMS 0x000000070e900000, 0x000000070e900000| Untracked 
| 168|0x000000070ea00000, 0x000000070ea00000, 0x000000070eb00000|  0%| F|  |TAMS 0x000000070ea00000, 0x000000070ea00000| Untracked 
| 169|0x000000070eb00000, 0x000000070eb00000, 0x000000070ec00000|  0%| F|  |TAMS 0x000000070eb00000, 0x000000070eb00000| Untracked 
| 170|0x000000070ec00000, 0x000000070ec00000, 0x000000070ed00000|  0%| F|  |TAMS 0x000000070ec00000, 0x000000070ec00000| Untracked 
| 171|0x000000070ed00000, 0x000000070ed00000, 0x000000070ee00000|  0%| F|  |TAMS 0x000000070ed00000, 0x000000070ed00000| Untracked 
| 172|0x000000070ee00000, 0x000000070ee00000, 0x000000070ef00000|  0%| F|  |TAMS 0x000000070ee00000, 0x000000070ee00000| Untracked 
| 173|0x000000070ef00000, 0x000000070ef00000, 0x000000070f000000|  0%| F|  |TAMS 0x000000070ef00000, 0x000000070ef00000| Untracked 
| 174|0x000000070f000000, 0x000000070f000000, 0x000000070f100000|  0%| F|  |TAMS 0x000000070f000000, 0x000000070f000000| Untracked 
| 175|0x000000070f100000, 0x000000070f100000, 0x000000070f200000|  0%| F|  |TAMS 0x000000070f100000, 0x000000070f100000| Untracked 
| 176|0x000000070f200000, 0x000000070f200000, 0x000000070f300000|  0%| F|  |TAMS 0x000000070f200000, 0x000000070f200000| Untracked 
| 177|0x000000070f300000, 0x000000070f300000, 0x000000070f400000|  0%| F|  |TAMS 0x000000070f300000, 0x000000070f300000| Untracked 
| 178|0x000000070f400000, 0x000000070f400000, 0x000000070f500000|  0%| F|  |TAMS 0x000000070f400000, 0x000000070f400000| Untracked 
| 179|0x000000070f500000, 0x000000070f500000, 0x000000070f600000|  0%| F|  |TAMS 0x000000070f500000, 0x000000070f500000| Untracked 
| 180|0x000000070f600000, 0x000000070f600000, 0x000000070f700000|  0%| F|  |TAMS 0x000000070f600000, 0x000000070f600000| Untracked 
| 181|0x000000070f700000, 0x000000070f700000, 0x000000070f800000|  0%| F|  |TAMS 0x000000070f700000, 0x000000070f700000| Untracked 
| 182|0x000000070f800000, 0x000000070f800000, 0x000000070f900000|  0%| F|  |TAMS 0x000000070f800000, 0x000000070f800000| Untracked 
| 183|0x000000070f900000, 0x000000070f900000, 0x000000070fa00000|  0%| F|  |TAMS 0x000000070f900000, 0x000000070f900000| Untracked 
| 184|0x000000070fa00000, 0x000000070fa00000, 0x000000070fb00000|  0%| F|  |TAMS 0x000000070fa00000, 0x000000070fa00000| Untracked 
| 185|0x000000070fb00000, 0x000000070fb00000, 0x000000070fc00000|  0%| F|  |TAMS 0x000000070fb00000, 0x000000070fb00000| Untracked 
| 186|0x000000070fc00000, 0x000000070fc00000, 0x000000070fd00000|  0%| F|  |TAMS 0x000000070fc00000, 0x000000070fc00000| Untracked 
| 187|0x000000070fd00000, 0x000000070fd00000, 0x000000070fe00000|  0%| F|  |TAMS 0x000000070fd00000, 0x000000070fd00000| Untracked 
| 188|0x000000070fe00000, 0x000000070fe00000, 0x000000070ff00000|  0%| F|  |TAMS 0x000000070fe00000, 0x000000070fe00000| Untracked 
| 189|0x000000070ff00000, 0x000000070ff00000, 0x0000000710000000|  0%| F|  |TAMS 0x000000070ff00000, 0x000000070ff00000| Untracked 
| 190|0x0000000710000000, 0x0000000710000000, 0x0000000710100000|  0%| F|  |TAMS 0x0000000710000000, 0x0000000710000000| Untracked 
| 191|0x0000000710100000, 0x0000000710100000, 0x0000000710200000|  0%| F|  |TAMS 0x0000000710100000, 0x0000000710100000| Untracked 
| 192|0x0000000710200000, 0x0000000710200000, 0x0000000710300000|  0%| F|  |TAMS 0x0000000710200000, 0x0000000710200000| Untracked 
| 193|0x0000000710300000, 0x0000000710300000, 0x0000000710400000|  0%| F|  |TAMS 0x0000000710300000, 0x0000000710300000| Untracked 
| 194|0x0000000710400000, 0x0000000710400000, 0x0000000710500000|  0%| F|  |TAMS 0x0000000710400000, 0x0000000710400000| Untracked 
| 195|0x0000000710500000, 0x0000000710500000, 0x0000000710600000|  0%| F|  |TAMS 0x0000000710500000, 0x0000000710500000| Untracked 
| 196|0x0000000710600000, 0x0000000710600000, 0x0000000710700000|  0%| F|  |TAMS 0x0000000710600000, 0x0000000710600000| Untracked 
| 197|0x0000000710700000, 0x0000000710700000, 0x0000000710800000|  0%| F|  |TAMS 0x0000000710700000, 0x0000000710700000| Untracked 
| 198|0x0000000710800000, 0x0000000710800000, 0x0000000710900000|  0%| F|  |TAMS 0x0000000710800000, 0x0000000710800000| Untracked 
| 199|0x0000000710900000, 0x0000000710900000, 0x0000000710a00000|  0%| F|  |TAMS 0x0000000710900000, 0x0000000710900000| Untracked 
| 200|0x0000000710a00000, 0x0000000710a00000, 0x0000000710b00000|  0%| F|  |TAMS 0x0000000710a00000, 0x0000000710a00000| Untracked 
| 201|0x0000000710b00000, 0x0000000710b00000, 0x0000000710c00000|  0%| F|  |TAMS 0x0000000710b00000, 0x0000000710b00000| Untracked 
| 202|0x0000000710c00000, 0x0000000710c00000, 0x0000000710d00000|  0%| F|  |TAMS 0x0000000710c00000, 0x0000000710c00000| Untracked 
| 203|0x0000000710d00000, 0x0000000710d00000, 0x0000000710e00000|  0%| F|  |TAMS 0x0000000710d00000, 0x0000000710d00000| Untracked 
| 204|0x0000000710e00000, 0x0000000710e00000, 0x0000000710f00000|  0%| F|  |TAMS 0x0000000710e00000, 0x0000000710e00000| Untracked 
| 205|0x0000000710f00000, 0x0000000710f00000, 0x0000000711000000|  0%| F|  |TAMS 0x0000000710f00000, 0x0000000710f00000| Untracked 
| 206|0x0000000711000000, 0x0000000711000000, 0x0000000711100000|  0%| F|  |TAMS 0x0000000711000000, 0x0000000711000000| Untracked 
| 207|0x0000000711100000, 0x0000000711100000, 0x0000000711200000|  0%| F|  |TAMS 0x0000000711100000, 0x0000000711100000| Untracked 
| 208|0x0000000711200000, 0x0000000711200000, 0x0000000711300000|  0%| F|  |TAMS 0x0000000711200000, 0x0000000711200000| Untracked 
| 209|0x0000000711300000, 0x0000000711300000, 0x0000000711400000|  0%| F|  |TAMS 0x0000000711300000, 0x0000000711300000| Untracked 
| 210|0x0000000711400000, 0x0000000711400000, 0x0000000711500000|  0%| F|  |TAMS 0x0000000711400000, 0x0000000711400000| Untracked 
| 211|0x0000000711500000, 0x0000000711500000, 0x0000000711600000|  0%| F|  |TAMS 0x0000000711500000, 0x0000000711500000| Untracked 
| 212|0x0000000711600000, 0x0000000711600000, 0x0000000711700000|  0%| F|  |TAMS 0x0000000711600000, 0x0000000711600000| Untracked 
| 213|0x0000000711700000, 0x0000000711700000, 0x0000000711800000|  0%| F|  |TAMS 0x0000000711700000, 0x0000000711700000| Untracked 
| 214|0x0000000711800000, 0x0000000711800000, 0x0000000711900000|  0%| F|  |TAMS 0x0000000711800000, 0x0000000711800000| Untracked 
| 215|0x0000000711900000, 0x0000000711900000, 0x0000000711a00000|  0%| F|  |TAMS 0x0000000711900000, 0x0000000711900000| Untracked 
| 216|0x0000000711a00000, 0x0000000711a00000, 0x0000000711b00000|  0%| F|  |TAMS 0x0000000711a00000, 0x0000000711a00000| Untracked 
| 217|0x0000000711b00000, 0x0000000711b00000, 0x0000000711c00000|  0%| F|  |TAMS 0x0000000711b00000, 0x0000000711b00000| Untracked 
| 218|0x0000000711c00000, 0x0000000711c00000, 0x0000000711d00000|  0%| F|  |TAMS 0x0000000711c00000, 0x0000000711c00000| Untracked 
| 219|0x0000000711d00000, 0x0000000711d00000, 0x0000000711e00000|  0%| F|  |TAMS 0x0000000711d00000, 0x0000000711d00000| Untracked 
| 220|0x0000000711e00000, 0x0000000711e00000, 0x0000000711f00000|  0%| F|  |TAMS 0x0000000711e00000, 0x0000000711e00000| Untracked 
| 221|0x0000000711f00000, 0x0000000711f00000, 0x0000000712000000|  0%| F|  |TAMS 0x0000000711f00000, 0x0000000711f00000| Untracked 
| 222|0x0000000712000000, 0x0000000712000000, 0x0000000712100000|  0%| F|  |TAMS 0x0000000712000000, 0x0000000712000000| Untracked 
| 223|0x0000000712100000, 0x0000000712100000, 0x0000000712200000|  0%| F|  |TAMS 0x0000000712100000, 0x0000000712100000| Untracked 
| 224|0x0000000712200000, 0x0000000712200000, 0x0000000712300000|  0%| F|  |TAMS 0x0000000712200000, 0x0000000712200000| Untracked 
| 225|0x0000000712300000, 0x0000000712300000, 0x0000000712400000|  0%| F|  |TAMS 0x0000000712300000, 0x0000000712300000| Untracked 
| 226|0x0000000712400000, 0x0000000712400000, 0x0000000712500000|  0%| F|  |TAMS 0x0000000712400000, 0x0000000712400000| Untracked 
| 227|0x0000000712500000, 0x0000000712500000, 0x0000000712600000|  0%| F|  |TAMS 0x0000000712500000, 0x0000000712500000| Untracked 
| 228|0x0000000712600000, 0x0000000712600000, 0x0000000712700000|  0%| F|  |TAMS 0x0000000712600000, 0x0000000712600000| Untracked 
| 229|0x0000000712700000, 0x0000000712700000, 0x0000000712800000|  0%| F|  |TAMS 0x0000000712700000, 0x0000000712700000| Untracked 
| 230|0x0000000712800000, 0x0000000712800000, 0x0000000712900000|  0%| F|  |TAMS 0x0000000712800000, 0x0000000712800000| Untracked 
| 231|0x0000000712900000, 0x0000000712900000, 0x0000000712a00000|  0%| F|  |TAMS 0x0000000712900000, 0x0000000712900000| Untracked 
| 232|0x0000000712a00000, 0x0000000712a00000, 0x0000000712b00000|  0%| F|  |TAMS 0x0000000712a00000, 0x0000000712a00000| Untracked 
| 233|0x0000000712b00000, 0x0000000712b00000, 0x0000000712c00000|  0%| F|  |TAMS 0x0000000712b00000, 0x0000000712b00000| Untracked 
| 234|0x0000000712c00000, 0x0000000712c00000, 0x0000000712d00000|  0%| F|  |TAMS 0x0000000712c00000, 0x0000000712c00000| Untracked 
| 235|0x0000000712d00000, 0x0000000712d00000, 0x0000000712e00000|  0%| F|  |TAMS 0x0000000712d00000, 0x0000000712d00000| Untracked 
| 236|0x0000000712e00000, 0x0000000712e00000, 0x0000000712f00000|  0%| F|  |TAMS 0x0000000712e00000, 0x0000000712e00000| Untracked 
| 237|0x0000000712f00000, 0x0000000712f00000, 0x0000000713000000|  0%| F|  |TAMS 0x0000000712f00000, 0x0000000712f00000| Untracked 
| 238|0x0000000713000000, 0x0000000713000000, 0x0000000713100000|  0%| F|  |TAMS 0x0000000713000000, 0x0000000713000000| Untracked 
| 239|0x0000000713100000, 0x0000000713100000, 0x0000000713200000|  0%| F|  |TAMS 0x0000000713100000, 0x0000000713100000| Untracked 
| 240|0x0000000713200000, 0x0000000713200000, 0x0000000713300000|  0%| F|  |TAMS 0x0000000713200000, 0x0000000713200000| Untracked 
| 241|0x0000000713300000, 0x0000000713300000, 0x0000000713400000|  0%| F|  |TAMS 0x0000000713300000, 0x0000000713300000| Untracked 
| 242|0x0000000713400000, 0x0000000713400000, 0x0000000713500000|  0%| F|  |TAMS 0x0000000713400000, 0x0000000713400000| Untracked 
| 243|0x0000000713500000, 0x0000000713500000, 0x0000000713600000|  0%| F|  |TAMS 0x0000000713500000, 0x0000000713500000| Untracked 
| 244|0x0000000713600000, 0x0000000713600000, 0x0000000713700000|  0%| F|  |TAMS 0x0000000713600000, 0x0000000713600000| Untracked 
| 245|0x0000000713700000, 0x0000000713700000, 0x0000000713800000|  0%| F|  |TAMS 0x0000000713700000, 0x0000000713700000| Untracked 
| 246|0x0000000713800000, 0x0000000713800000, 0x0000000713900000|  0%| F|  |TAMS 0x0000000713800000, 0x0000000713800000| Untracked 
| 247|0x0000000713900000, 0x0000000713900000, 0x0000000713a00000|  0%| F|  |TAMS 0x0000000713900000, 0x0000000713900000| Untracked 
| 248|0x0000000713a00000, 0x0000000713a00000, 0x0000000713b00000|  0%| F|  |TAMS 0x0000000713a00000, 0x0000000713a00000| Untracked 
| 249|0x0000000713b00000, 0x0000000713b00000, 0x0000000713c00000|  0%| F|  |TAMS 0x0000000713b00000, 0x0000000713b00000| Untracked 
| 250|0x0000000713c00000, 0x0000000713c00000, 0x0000000713d00000|  0%| F|  |TAMS 0x0000000713c00000, 0x0000000713c00000| Untracked 
| 251|0x0000000713d00000, 0x0000000713d00000, 0x0000000713e00000|  0%| F|  |TAMS 0x0000000713d00000, 0x0000000713d00000| Untracked 
| 252|0x0000000713e00000, 0x0000000713e00000, 0x0000000713f00000|  0%| F|  |TAMS 0x0000000713e00000, 0x0000000713e00000| Untracked 
| 253|0x0000000713f00000, 0x0000000714000000, 0x0000000714000000|100%| E|  |TAMS 0x0000000713f00000, 0x0000000713f00000| Complete 
| 254|0x0000000714000000, 0x0000000714100000, 0x0000000714100000|100%| E|CS|TAMS 0x0000000714000000, 0x0000000714000000| Complete 
| 255|0x0000000714100000, 0x0000000714200000, 0x0000000714200000|100%| E|CS|TAMS 0x0000000714100000, 0x0000000714100000| Complete 
| 256|0x0000000714200000, 0x0000000714300000, 0x0000000714300000|100%| E|CS|TAMS 0x0000000714200000, 0x0000000714200000| Complete 
| 257|0x0000000714300000, 0x0000000714400000, 0x0000000714400000|100%| E|CS|TAMS 0x0000000714300000, 0x0000000714300000| Complete 
| 258|0x0000000714400000, 0x0000000714500000, 0x0000000714500000|100%| E|CS|TAMS 0x0000000714400000, 0x0000000714400000| Complete 
| 259|0x0000000714500000, 0x0000000714600000, 0x0000000714600000|100%| E|CS|TAMS 0x0000000714500000, 0x0000000714500000| Complete 
| 260|0x0000000714600000, 0x0000000714700000, 0x0000000714700000|100%| E|CS|TAMS 0x0000000714600000, 0x0000000714600000| Complete 
| 261|0x0000000714700000, 0x0000000714800000, 0x0000000714800000|100%| E|CS|TAMS 0x0000000714700000, 0x0000000714700000| Complete 
| 262|0x0000000714800000, 0x0000000714900000, 0x0000000714900000|100%| E|CS|TAMS 0x0000000714800000, 0x0000000714800000| Complete 
| 263|0x0000000714900000, 0x0000000714a00000, 0x0000000714a00000|100%| E|CS|TAMS 0x0000000714900000, 0x0000000714900000| Complete 
| 264|0x0000000714a00000, 0x0000000714b00000, 0x0000000714b00000|100%| E|CS|TAMS 0x0000000714a00000, 0x0000000714a00000| Complete 
| 265|0x0000000714b00000, 0x0000000714c00000, 0x0000000714c00000|100%| E|CS|TAMS 0x0000000714b00000, 0x0000000714b00000| Complete 
| 266|0x0000000714c00000, 0x0000000714d00000, 0x0000000714d00000|100%| E|CS|TAMS 0x0000000714c00000, 0x0000000714c00000| Complete 
| 267|0x0000000714d00000, 0x0000000714e00000, 0x0000000714e00000|100%| E|CS|TAMS 0x0000000714d00000, 0x0000000714d00000| Complete 
| 268|0x0000000714e00000, 0x0000000714f00000, 0x0000000714f00000|100%| E|  |TAMS 0x0000000714e00000, 0x0000000714e00000| Complete 
| 269|0x0000000714f00000, 0x0000000715000000, 0x0000000715000000|100%| E|CS|TAMS 0x0000000714f00000, 0x0000000714f00000| Complete 
| 270|0x0000000715000000, 0x0000000715100000, 0x0000000715100000|100%| E|CS|TAMS 0x0000000715000000, 0x0000000715000000| Complete 
| 271|0x0000000715100000, 0x0000000715200000, 0x0000000715200000|100%| E|CS|TAMS 0x0000000715100000, 0x0000000715100000| Complete 
| 272|0x0000000715200000, 0x0000000715300000, 0x0000000715300000|100%| E|CS|TAMS 0x0000000715200000, 0x0000000715200000| Complete 
| 273|0x0000000715300000, 0x0000000715400000, 0x0000000715400000|100%| E|CS|TAMS 0x0000000715300000, 0x0000000715300000| Complete 
| 274|0x0000000715400000, 0x0000000715500000, 0x0000000715500000|100%| E|CS|TAMS 0x0000000715400000, 0x0000000715400000| Complete 
| 275|0x0000000715500000, 0x0000000715600000, 0x0000000715600000|100%| E|CS|TAMS 0x0000000715500000, 0x0000000715500000| Complete 
| 276|0x0000000715600000, 0x0000000715700000, 0x0000000715700000|100%| E|CS|TAMS 0x0000000715600000, 0x0000000715600000| Complete 
| 277|0x0000000715700000, 0x0000000715800000, 0x0000000715800000|100%| E|CS|TAMS 0x0000000715700000, 0x0000000715700000| Complete 
| 278|0x0000000715800000, 0x0000000715900000, 0x0000000715900000|100%| E|CS|TAMS 0x0000000715800000, 0x0000000715800000| Complete 
| 279|0x0000000715900000, 0x0000000715a00000, 0x0000000715a00000|100%| E|CS|TAMS 0x0000000715900000, 0x0000000715900000| Complete 
| 280|0x0000000715a00000, 0x0000000715b00000, 0x0000000715b00000|100%| E|CS|TAMS 0x0000000715a00000, 0x0000000715a00000| Complete 

Card table byte_map: [0x0000028373850000,0x0000028374030000] _byte_map_base: 0x000002837002f000

Marking Bits (Prev, Next): (CMBitMap*) 0x000002836889a418, (CMBitMap*) 0x000002836889a3d8
 Prev Bits: [0x0000028378710000, 0x000002837c608000)
 Next Bits: [0x0000028374810000, 0x0000028378708000)

Polling page: 0x0000028368910000

Metaspace:

Usage:
  Non-class:     23.54 MB capacity,    23.06 MB ( 98%) used,   433.98 KB (  2%) free+waste,    57.94 KB ( <1%) overhead. 
      Class:      3.08 MB capacity,     2.82 MB ( 92%) used,   239.01 KB (  8%) free+waste,    25.56 KB ( <1%) overhead. 
       Both:     26.62 MB capacity,    25.88 MB ( 97%) used,   672.98 KB (  2%) free+waste,    83.50 KB ( <1%) overhead. 

Virtual space:
  Non-class space:       24.00 MB reserved,      23.67 MB ( 99%) committed 
      Class space:        1.00 GB reserved,       3.13 MB ( <1%) committed 
             Both:        1.02 GB reserved,      26.80 MB (  3%) committed 

Chunk freelists:
   Non-Class:  4.00 KB
       Class:  14.00 KB
        Both:  18.00 KB

MaxMetaspaceSize: 17179869184.00 GB
CompressedClassSpaceSize: 1.00 GB

CodeHeap 'non-profiled nmethods': size=120000Kb used=3569Kb max_used=3569Kb free=116430Kb
 bounds [0x0000028307ad0000, 0x0000028307e50000, 0x000002830f000000]
CodeHeap 'profiled nmethods': size=120000Kb used=13701Kb max_used=13701Kb free=106299Kb
 bounds [0x00000283005a0000, 0x0000028301310000, 0x0000028307ad0000]
CodeHeap 'non-nmethods': size=5760Kb used=1257Kb max_used=1313Kb free=4502Kb
 bounds [0x0000028300000000, 0x0000028300270000, 0x00000283005a0000]
 total_blobs=8855 nmethods=5763 adapters=421
 compilation: enabled
              stopped_count=0, restarted_count=0
 full_count=0

Compilation events (20 events):
Event: 5.851 Thread 0x000002837fa34800 6301       1       com.sun.tools.javac.file.Locations$ModuleLocationHandler::inferModuleName (5 bytes)
Event: 5.851 Thread 0x000002837fa34800 nmethod 6301 0x0000028307e41d10 code [0x0000028307e41ea0, 0x0000028307e41fd8]
Event: 5.851 Thread 0x000002837fa34800 6291   !   3       sun.nio.ch.FileChannelImpl::size (239 bytes)
Event: 5.852 Thread 0x000002837fa34800 nmethod 6291 0x00000283012f6190 code [0x00000283012f6460, 0x00000283012f7520]
Event: 5.852 Thread 0x000002837fa34800 6317   !   3       com.sun.tools.javac.comp.Modules::completeModule (458 bytes)
Event: 5.856 Thread 0x00000283114cc000 nmethod 6262 0x0000028307e42090 code [0x0000028307e422a0, 0x0000028307e42fd8]
Event: 5.856 Thread 0x00000283114cc000 6309       4       com.sun.tools.javac.util.Names::fromUtf (11 bytes)
Event: 5.857 Thread 0x000002837fa34800 nmethod 6317 0x00000283012f7c90 code [0x00000283012f8460, 0x00000283012fdc50]
Event: 5.857 Thread 0x000002837fa34800 6315       3       com.sun.tools.javac.comp.Modules$$Lambda$145/0x0000000800de5c40::test (8 bytes)
Event: 5.857 Thread 0x000002837fa34800 nmethod 6315 0x00000283012ff790 code [0x00000283012ff940, 0x00000283012ffc98]
Event: 5.857 Thread 0x000002837fa34800 6292       3       sun.nio.ch.FileDispatcherImpl::size (5 bytes)
Event: 5.857 Thread 0x000002837fa34800 nmethod 6292 0x00000283012ffd90 code [0x00000283012fff40, 0x00000283013000f0]
Event: 5.857 Thread 0x00000283114cc000 nmethod 6309 0x0000028307e43790 code [0x0000028307e43920, 0x0000028307e439e8]
Event: 5.857 Thread 0x00000283114cc000 6304       4       com.sun.tools.javac.code.Symbol$TypeSymbol::<init> (13 bytes)
Event: 5.861 Thread 0x00000283114cc000 nmethod 6304 0x0000028307e43b10 code [0x0000028307e43ca0, 0x0000028307e44178]
Event: 5.861 Thread 0x00000283114cc000 6312       4       java.lang.invoke.Invokers$Holder::linkToTargetMethod (10 bytes)
Event: 5.861 Thread 0x00000283114cc000 nmethod 6312 0x0000028307e44210 code [0x0000028307e443a0, 0x0000028307e44458]
Event: 5.861 Thread 0x00000283114cc000 6313       4       java.lang.invoke.DirectMethodHandle$Holder::invokeStatic (15 bytes)
Event: 5.862 Thread 0x00000283114cc000 nmethod 6313 0x0000028307e44590 code [0x0000028307e44720, 0x0000028307e447c8]
Event: 5.862 Thread 0x00000283114cc000 6306       4       com.sun.tools.javac.code.Symtab::enterPackage (79 bytes)

GC Heap History (20 events):
Event: 3.235 GC heap before
{Heap before GC invocations=5 (full 0):
 garbage-first heap   total 55296K, used 38646K [0x0000000704200000, 0x0000000800000000)
  region size 1024K, 22 young (22528K), 4 survivors (4096K)
 Metaspace       used 22082K, capacity 22713K, committed 22960K, reserved 1069056K
  class space    used 2517K, capacity 2763K, committed 2816K, reserved 1048576K
}
Event: 3.237 GC heap after
{Heap after GC invocations=6 (full 0):
 garbage-first heap   total 55296K, used 22365K [0x0000000704200000, 0x0000000800000000)
  region size 1024K, 1 young (1024K), 1 survivors (1024K)
 Metaspace       used 22082K, capacity 22713K, committed 22960K, reserved 1069056K
  class space    used 2517K, capacity 2763K, committed 2816K, reserved 1048576K
}
Event: 3.350 GC heap before
{Heap before GC invocations=6 (full 0):
 garbage-first heap   total 55296K, used 38749K [0x0000000704200000, 0x0000000800000000)
  region size 1024K, 18 young (18432K), 1 survivors (1024K)
 Metaspace       used 22118K, capacity 22778K, committed 22960K, reserved 1069056K
  class space    used 2517K, capacity 2763K, committed 2816K, reserved 1048576K
}
Event: 3.351 GC heap after
{Heap after GC invocations=7 (full 0):
 garbage-first heap   total 55296K, used 24218K [0x0000000704200000, 0x0000000800000000)
  region size 1024K, 2 young (2048K), 2 survivors (2048K)
 Metaspace       used 22118K, capacity 22778K, committed 22960K, reserved 1069056K
  class space    used 2517K, capacity 2763K, committed 2816K, reserved 1048576K
}
Event: 3.684 GC heap before
{Heap before GC invocations=7 (full 0):
 garbage-first heap   total 55296K, used 41626K [0x0000000704200000, 0x0000000800000000)
  region size 1024K, 19 young (19456K), 2 survivors (2048K)
 Metaspace       used 22160K, capacity 22778K, committed 22960K, reserved 1069056K
  class space    used 2517K, capacity 2763K, committed 2816K, reserved 1048576K
}
Event: 3.687 GC heap after
{Heap after GC invocations=8 (full 0):
 garbage-first heap   total 55296K, used 29525K [0x0000000704200000, 0x0000000800000000)
  region size 1024K, 3 young (3072K), 3 survivors (3072K)
 Metaspace       used 22160K, capacity 22778K, committed 22960K, reserved 1069056K
  class space    used 2517K, capacity 2763K, committed 2816K, reserved 1048576K
}
Event: 3.823 GC heap before
{Heap before GC invocations=8 (full 0):
 garbage-first heap   total 55296K, used 41813K [0x0000000704200000, 0x0000000800000000)
  region size 1024K, 15 young (15360K), 3 survivors (3072K)
 Metaspace       used 22185K, capacity 22779K, committed 22960K, reserved 1069056K
  class space    used 2517K, capacity 2763K, committed 2816K, reserved 1048576K
}
Event: 3.826 GC heap after
{Heap after GC invocations=9 (full 0):
 garbage-first heap   total 55296K, used 33389K [0x0000000704200000, 0x0000000800000000)
  region size 1024K, 2 young (2048K), 2 survivors (2048K)
 Metaspace       used 22185K, capacity 22779K, committed 22960K, reserved 1069056K
  class space    used 2517K, capacity 2763K, committed 2816K, reserved 1048576K
}
Event: 3.989 GC heap before
{Heap before GC invocations=10 (full 0):
 garbage-first heap   total 61440K, used 42605K [0x0000000704200000, 0x0000000800000000)
  region size 1024K, 11 young (11264K), 2 survivors (2048K)
 Metaspace       used 22653K, capacity 23277K, committed 23472K, reserved 1071104K
  class space    used 2562K, capacity 2794K, committed 2816K, reserved 1048576K
}
Event: 3.993 GC heap after
{Heap after GC invocations=11 (full 0):
 garbage-first heap   total 61440K, used 35381K [0x0000000704200000, 0x0000000800000000)
  region size 1024K, 2 young (2048K), 2 survivors (2048K)
 Metaspace       used 22653K, capacity 23277K, committed 23472K, reserved 1071104K
  class space    used 2562K, capacity 2794K, committed 2816K, reserved 1048576K
}
Event: 4.073 GC heap before
{Heap before GC invocations=11 (full 0):
 garbage-first heap   total 61440K, used 45621K [0x0000000704200000, 0x0000000800000000)
  region size 1024K, 12 young (12288K), 2 survivors (2048K)
 Metaspace       used 22845K, capacity 23476K, committed 23600K, reserved 1071104K
  class space    used 2574K, capacity 2838K, committed 2944K, reserved 1048576K
}
Event: 4.079 GC heap after
{Heap after GC invocations=12 (full 0):
 garbage-first heap   total 159744K, used 37323K [0x0000000704200000, 0x0000000800000000)
  region size 1024K, 2 young (2048K), 2 survivors (2048K)
 Metaspace       used 22845K, capacity 23476K, committed 23600K, reserved 1071104K
  class space    used 2574K, capacity 2838K, committed 2944K, reserved 1048576K
}
Event: 4.739 GC heap before
{Heap before GC invocations=13 (full 0):
 garbage-first heap   total 143360K, used 81355K [0x0000000704200000, 0x0000000800000000)
  region size 1024K, 45 young (46080K), 2 survivors (2048K)
 Metaspace       used 24611K, capacity 25290K, committed 25520K, reserved 1071104K
  class space    used 2765K, capacity 3025K, committed 3072K, reserved 1048576K
}
Event: 4.747 GC heap after
{Heap after GC invocations=14 (full 0):
 garbage-first heap   total 143360K, used 44308K [0x0000000704200000, 0x0000000800000000)
  region size 1024K, 6 young (6144K), 6 survivors (6144K)
 Metaspace       used 24611K, capacity 25290K, committed 25520K, reserved 1071104K
  class space    used 2765K, capacity 3025K, committed 3072K, reserved 1048576K
}
Event: 5.240 GC heap before
{Heap before GC invocations=14 (full 0):
 garbage-first heap   total 143360K, used 97556K [0x0000000704200000, 0x0000000800000000)
  region size 1024K, 39 young (39936K), 6 survivors (6144K)
 Metaspace       used 25429K, capacity 26162K, committed 26416K, reserved 1073152K
  class space    used 2823K, capacity 3101K, committed 3200K, reserved 1048576K
}
Event: 5.250 GC heap after
{Heap after GC invocations=15 (full 0):
 garbage-first heap   total 143360K, used 62898K [0x0000000704200000, 0x0000000800000000)
  region size 1024K, 2 young (2048K), 2 survivors (2048K)
 Metaspace       used 25429K, capacity 26162K, committed 26416K, reserved 1073152K
  class space    used 2823K, capacity 3101K, committed 3200K, reserved 1048576K
}
Event: 5.666 GC heap before
{Heap before GC invocations=16 (full 0):
 garbage-first heap   total 239616K, used 173490K [0x0000000704200000, 0x0000000800000000)
  region size 1024K, 35 young (35840K), 2 survivors (2048K)
 Metaspace       used 26281K, capacity 27042K, committed 27184K, reserved 1073152K
  class space    used 2873K, capacity 3142K, committed 3200K, reserved 1048576K
}
Event: 5.671 GC heap after
{Heap after GC invocations=17 (full 0):
 garbage-first heap   total 239616K, used 43924K [0x0000000704200000, 0x0000000800000000)
  region size 1024K, 4 young (4096K), 4 survivors (4096K)
 Metaspace       used 26281K, capacity 27042K, committed 27184K, reserved 1073152K
  class space    used 2873K, capacity 3142K, committed 3200K, reserved 1048576K
}
Event: 5.903 GC heap before
{Heap before GC invocations=18 (full 0):
 garbage-first heap   total 239616K, used 118676K [0x0000000704200000, 0x0000000800000000)
  region size 1024K, 75 young (76800K), 4 survivors (4096K)
 Metaspace       used 26502K, capacity 27262K, committed 27440K, reserved 1073152K
  class space    used 2889K, capacity 3154K, committed 3200K, reserved 1048576K
}
Event: 5.911 GC heap after
{Heap after GC invocations=19 (full 0):
 garbage-first heap   total 287744K, used 51122K [0x0000000704200000, 0x0000000800000000)
  region size 1024K, 9 young (9216K), 9 survivors (9216K)
 Metaspace       used 26502K, capacity 27262K, committed 27440K, reserved 1073152K
  class space    used 2889K, capacity 3154K, committed 3200K, reserved 1048576K
}

Deoptimization events (20 events):
Event: 5.778 Thread 0x000002836882f000 DEOPT PACKING pc=0x0000028307e308e4 sp=0x000000f5fc5fd580
Event: 5.778 Thread 0x000002836882f000 DEOPT UNPACKING pc=0x000002830000852f sp=0x000000f5fc5fd4f8 mode 2
Event: 5.804 Thread 0x000002836882f000 Uncommon trap: trap_request=0xffffff45 fr.pc=0x0000028307da11f4 relative=0x0000000000005c34
Event: 5.804 Thread 0x000002836882f000 Uncommon trap: reason=unstable_if action=reinterpret pc=0x0000028307da11f4 method=com.sun.tools.javac.parser.JavaTokenizer.readToken()Lcom/sun/tools/javac/parser/Tokens$Token; @ 39 c2
Event: 5.804 Thread 0x000002836882f000 DEOPT PACKING pc=0x0000028307da11f4 sp=0x000000f5fc5fcb80
Event: 5.804 Thread 0x000002836882f000 DEOPT UNPACKING pc=0x000002830000852f sp=0x000000f5fc5fcb68 mode 2
Event: 5.824 Thread 0x000002836882f000 Uncommon trap: trap_request=0xffffff45 fr.pc=0x0000028307e3d0a4 relative=0x0000000000000344
Event: 5.824 Thread 0x000002836882f000 Uncommon trap: reason=unstable_if action=reinterpret pc=0x0000028307e3d0a4 method=com.sun.tools.javac.parser.JavaTokenizer.scanIdent()V @ 15 c2
Event: 5.824 Thread 0x000002836882f000 DEOPT PACKING pc=0x0000028307e3d0a4 sp=0x000000f5fc5fc860
Event: 5.824 Thread 0x000002836882f000 DEOPT UNPACKING pc=0x000002830000852f sp=0x000000f5fc5fc820 mode 2
Event: 5.826 Thread 0x000002836882f000 DEOPT PACKING pc=0x00000283012c3099 sp=0x000000f5fc5fd510
Event: 5.826 Thread 0x000002836882f000 DEOPT UNPACKING pc=0x000002830004845e sp=0x000000f5fc5fc9b8 mode 0
Event: 5.834 Thread 0x000002836882f000 DEOPT PACKING pc=0x00000283012c3099 sp=0x000000f5fc5fd510
Event: 5.834 Thread 0x000002836882f000 DEOPT UNPACKING pc=0x000002830004845e sp=0x000000f5fc5fc9b8 mode 0
Event: 5.842 Thread 0x000002836882f000 DEOPT PACKING pc=0x00000283012c3099 sp=0x000000f5fc5fd510
Event: 5.842 Thread 0x000002836882f000 DEOPT UNPACKING pc=0x000002830004845e sp=0x000000f5fc5fc9b8 mode 0
Event: 5.857 Thread 0x000002836882f000 Uncommon trap: trap_request=0xfffffff4 fr.pc=0x0000028307d11508 relative=0x0000000000001928
Event: 5.857 Thread 0x000002836882f000 Uncommon trap: reason=null_check action=make_not_entrant pc=0x0000028307d11508 method=jdk.nio.zipfs.ZipFileSystem$IndexNode.keyOf([B)Ljdk/nio/zipfs/ZipFileSystem$IndexNode; @ 6 c2
Event: 5.857 Thread 0x000002836882f000 DEOPT PACKING pc=0x0000028307d11508 sp=0x000000f5fc5fc680
Event: 5.857 Thread 0x000002836882f000 DEOPT UNPACKING pc=0x000002830000852f sp=0x000000f5fc5fc588 mode 2

Classes unloaded (0 events):
No events

Classes redefined (0 events):
No events

Internal exceptions (20 events):
Event: 4.728 Thread 0x000002830fb70800 Exception <a 'sun/nio/fs/WindowsException'{0x000000070a350668}> (0x000000070a350668) 
thrown [t:/workspace/open/src/hotspot/share/prims/jni.cpp, line 598]
Event: 4.728 Thread 0x000002830fb70800 Exception <a 'sun/nio/fs/WindowsException'{0x000000070a350938}> (0x000000070a350938) 
thrown [t:/workspace/open/src/hotspot/share/prims/jni.cpp, line 598]
Event: 4.728 Thread 0x000002830fb70800 Exception <a 'sun/nio/fs/WindowsException'{0x000000070a351a08}> (0x000000070a351a08) 
thrown [t:/workspace/open/src/hotspot/share/prims/jni.cpp, line 598]
Event: 4.728 Thread 0x000002830fb70800 Exception <a 'sun/nio/fs/WindowsException'{0x000000070a351cd8}> (0x000000070a351cd8) 
thrown [t:/workspace/open/src/hotspot/share/prims/jni.cpp, line 598]
Event: 4.751 Thread 0x000002830fb70800 Exception <a 'sun/nio/fs/WindowsException'{0x0000000713d21e80}> (0x0000000713d21e80) 
thrown [t:/workspace/open/src/hotspot/share/prims/jni.cpp, line 598]
Event: 4.751 Thread 0x000002830fb70800 Exception <a 'sun/nio/fs/WindowsException'{0x0000000713d22120}> (0x0000000713d22120) 
thrown [t:/workspace/open/src/hotspot/share/prims/jni.cpp, line 598]
Event: 5.766 Thread 0x000002836882f000 Exception <a 'sun/nio/fs/WindowsException'{0x000000070f965d80}> (0x000000070f965d80) 
thrown [t:/workspace/open/src/hotspot/share/prims/jni.cpp, line 598]
Event: 5.766 Thread 0x000002836882f000 Exception <a 'sun/nio/fs/WindowsException'{0x000000070f965ff0}> (0x000000070f965ff0) 
thrown [t:/workspace/open/src/hotspot/share/prims/jni.cpp, line 598]
Event: 5.767 Thread 0x000002836882f000 Exception <a 'sun/nio/fs/WindowsException'{0x000000070f967f70}> (0x000000070f967f70) 
thrown [t:/workspace/open/src/hotspot/share/prims/jni.cpp, line 598]
Event: 5.767 Thread 0x000002836882f000 Exception <a 'sun/nio/fs/WindowsException'{0x000000070f9681b0}> (0x000000070f9681b0) 
thrown [t:/workspace/open/src/hotspot/share/prims/jni.cpp, line 598]
Event: 5.772 Thread 0x000002836882f000 Implicit null exception at 0x0000028307d6b5b4 to 0x0000028307d6c59e
Event: 5.842 Thread 0x000002836882f000 Exception <a 'sun/nio/fs/WindowsException'{0x000000070f35efc8}> (0x000000070f35efc8) 
thrown [t:/workspace/open/src/hotspot/share/prims/jni.cpp, line 598]
Event: 5.842 Thread 0x000002836882f000 Exception <a 'sun/nio/fs/WindowsException'{0x000000070f35f268}> (0x000000070f35f268) 
thrown [t:/workspace/open/src/hotspot/share/prims/jni.cpp, line 598]
Event: 5.843 Thread 0x000002836882f000 Exception <a 'sun/nio/fs/WindowsException'{0x000000070f360248}> (0x000000070f360248) 
thrown [t:/workspace/open/src/hotspot/share/prims/jni.cpp, line 598]
Event: 5.843 Thread 0x000002836882f000 Exception <a 'sun/nio/fs/WindowsException'{0x000000070f360548}> (0x000000070f360548) 
thrown [t:/workspace/open/src/hotspot/share/prims/jni.cpp, line 598]
Event: 5.843 Thread 0x000002836882f000 Exception <a 'sun/nio/fs/WindowsException'{0x000000070f361568}> (0x000000070f361568) 
thrown [t:/workspace/open/src/hotspot/share/prims/jni.cpp, line 598]
Event: 5.843 Thread 0x000002836882f000 Exception <a 'sun/nio/fs/WindowsException'{0x000000070f361890}> (0x000000070f361890) 
thrown [t:/workspace/open/src/hotspot/share/prims/jni.cpp, line 598]
Event: 5.843 Thread 0x000002836882f000 Exception <a 'sun/nio/fs/WindowsException'{0x000000070f362968}> (0x000000070f362968) 
thrown [t:/workspace/open/src/hotspot/share/prims/jni.cpp, line 598]
Event: 5.843 Thread 0x000002836882f000 Exception <a 'sun/nio/fs/WindowsException'{0x000000070f362c08}> (0x000000070f362c08) 
thrown [t:/workspace/open/src/hotspot/share/prims/jni.cpp, line 598]
Event: 5.857 Thread 0x000002836882f000 Implicit null exception at 0x0000028307d1014a to 0x0000028307d114f6

Events (20 events):
Event: 5.772 loading class java/util/stream/Nodes$ArrayNode done
Event: 5.772 loading class java/util/stream/Nodes$FixedNodeBuilder done
Event: 5.779 loading class java/lang/UnsupportedClassVersionError
Event: 5.779 loading class java/lang/ClassFormatError
Event: 5.779 loading class java/lang/ClassFormatError done
Event: 5.779 loading class java/lang/UnsupportedClassVersionError done
Event: 5.779 Executing VM operation: RevokeBias
Event: 5.779 Executing VM operation: RevokeBias done
Event: 5.800 loading class lombok/launch/AnnotationProcessorHider$AnnotationProcessor
Event: 5.800 loading class lombok/launch/AnnotationProcessorHider$AnnotationProcessor done
Event: 5.801 Executing VM operation: RevokeBias
Event: 5.801 Executing VM operation: RevokeBias done
Event: 5.801 Executing VM operation: RevokeBias
Event: 5.801 Executing VM operation: RevokeBias done
Event: 5.801 Executing VM operation: RevokeBias
Event: 5.801 Executing VM operation: RevokeBias done
Event: 5.804 Thread 0x000002837fd9a800 Thread added: 0x000002837fd9a800
Event: 5.806 Thread 0x00000283114cc000 Thread added: 0x00000283114cc000
Event: 5.903 Executing VM operation: G1CollectForAllocation
Event: 5.911 Executing VM operation: G1CollectForAllocation done


Dynamic libraries:
0x00007ff600590000 - 0x00007ff60059d000 	C:\Program Files\java\jdk-13.0.2\bin\javaw.exe
0x00007ffd968b0000 - 0x00007ffd96aa5000 	C:\WINDOWS\SYSTEM32\ntdll.dll
0x00007ffd95d10000 - 0x00007ffd95dce000 	C:\WINDOWS\System32\KERNEL32.DLL
0x00007ffd94180000 - 0x00007ffd94448000 	C:\WINDOWS\System32\KERNELBASE.dll
0x00007ffd93fc0000 - 0x00007ffd940c0000 	C:\WINDOWS\System32\ucrtbase.dll
0x00007ffd8bdd0000 - 0x00007ffd8bde8000 	C:\Program Files\java\jdk-13.0.2\bin\jli.dll
0x00007ffd84080000 - 0x00007ffd84095000 	C:\Program Files\java\jdk-13.0.2\bin\VCRUNTIME140.dll
0x00007ffd94b30000 - 0x00007ffd94cd0000 	C:\WINDOWS\System32\USER32.dll
0x00007ffd945b0000 - 0x00007ffd945d2000 	C:\WINDOWS\System32\win32u.dll
0x00007ffd95f90000 - 0x00007ffd95fbb000 	C:\WINDOWS\System32\GDI32.dll
0x00007ffd94710000 - 0x00007ffd9481d000 	C:\WINDOWS\System32\gdi32full.dll
0x00007ffd821e0000 - 0x00007ffd8247a000 	C:\WINDOWS\WinSxS\amd64_microsoft.windows.common-controls_6595b64144ccf1df_6.0.19041.1110_none_60b5254171f9507e\COMCTL32.dll
0x00007ffd945e0000 - 0x00007ffd9467d000 	C:\WINDOWS\System32\msvcp_win.dll
0x00007ffd94cd0000 - 0x00007ffd94d6e000 	C:\WINDOWS\System32\msvcrt.dll
0x00007ffd95980000 - 0x00007ffd959b0000 	C:\WINDOWS\System32\IMM32.DLL
0x00007ffd649f0000 - 0x00007ffd64a8b000 	C:\Program Files\java\jdk-13.0.2\bin\msvcp140.dll
0x00007ffd51e80000 - 0x00007ffd529dd000 	C:\Program Files\java\jdk-13.0.2\bin\server\jvm.dll
0x00007ffd94ef0000 - 0x00007ffd94f9e000 	C:\WINDOWS\System32\ADVAPI32.dll
0x00007ffd949c0000 - 0x00007ffd94a5c000 	C:\WINDOWS\System32\sechost.dll
0x00007ffd95130000 - 0x00007ffd95255000 	C:\WINDOWS\System32\RPCRT4.dll
0x00007ffd94900000 - 0x00007ffd94908000 	C:\WINDOWS\System32\PSAPI.DLL
0x00007ffd7b220000 - 0x00007ffd7b247000 	C:\WINDOWS\SYSTEM32\WINMM.dll
0x00007ffd8e580000 - 0x00007ffd8e589000 	C:\WINDOWS\SYSTEM32\WSOCK32.dll
0x00007ffd8c7f0000 - 0x00007ffd8c7fa000 	C:\WINDOWS\SYSTEM32\VERSION.dll
0x00007ffd94e80000 - 0x00007ffd94eeb000 	C:\WINDOWS\System32\WS2_32.dll
0x00007ffd92840000 - 0x00007ffd92852000 	C:\WINDOWS\SYSTEM32\kernel.appcore.dll
0x00007ffd8ebe0000 - 0x00007ffd8ebf0000 	C:\Program Files\java\jdk-13.0.2\bin\verify.dll
0x00007ffd91c40000 - 0x00007ffd91e24000 	C:\WINDOWS\SYSTEM32\DBGHELP.DLL
0x00007ffd91010000 - 0x00007ffd9103c000 	C:\WINDOWS\SYSTEM32\dbgcore.DLL
0x00007ffd94680000 - 0x00007ffd94702000 	C:\WINDOWS\System32\bcryptPrimitives.dll
0x00007ffd8bea0000 - 0x00007ffd8bec6000 	C:\Program Files\java\jdk-13.0.2\bin\java.dll
0x00007ffd8bd80000 - 0x00007ffd8bd97000 	C:\Program Files\java\jdk-13.0.2\bin\zip.dll
0x00007ffd8e8d0000 - 0x00007ffd8e8da000 	C:\Program Files\java\jdk-13.0.2\bin\jimage.dll
0x00007ffd96120000 - 0x00007ffd96864000 	C:\WINDOWS\System32\SHELL32.dll
0x00007ffd92090000 - 0x00007ffd92824000 	C:\WINDOWS\SYSTEM32\windows.storage.dll
0x00007ffd959b0000 - 0x00007ffd95d05000 	C:\WINDOWS\System32\combase.dll
0x00007ffd93a10000 - 0x00007ffd93a3e000 	C:\WINDOWS\SYSTEM32\Wldp.dll
0x00007ffd94dd0000 - 0x00007ffd94e7d000 	C:\WINDOWS\System32\SHCORE.dll
0x00007ffd94fa0000 - 0x00007ffd94ff5000 	C:\WINDOWS\System32\shlwapi.dll
0x00007ffd93f00000 - 0x00007ffd93f1f000 	C:\WINDOWS\SYSTEM32\profapi.dll
0x00007ffd8bb20000 - 0x00007ffd8bb39000 	C:\Program Files\java\jdk-13.0.2\bin\net.dll
0x00007ffd90e10000 - 0x00007ffd90f1c000 	C:\WINDOWS\SYSTEM32\WINHTTP.dll
0x00007ffd93770000 - 0x00007ffd937da000 	C:\WINDOWS\system32\mswsock.dll
0x00007ffd84a60000 - 0x00007ffd84a73000 	C:\Program Files\java\jdk-13.0.2\bin\nio.dll
0x00007ffd93960000 - 0x00007ffd93978000 	C:\WINDOWS\SYSTEM32\CRYPTSP.dll
0x00007ffd93080000 - 0x00007ffd930b4000 	C:\WINDOWS\system32\rsaenh.dll
0x00007ffd948d0000 - 0x00007ffd948f7000 	C:\WINDOWS\System32\bcrypt.dll
0x00007ffd93ec0000 - 0x00007ffd93eee000 	C:\WINDOWS\SYSTEM32\USERENV.dll
0x00007ffd93980000 - 0x00007ffd9398c000 	C:\WINDOWS\SYSTEM32\CRYPTBASE.dll
0x00007ffd93410000 - 0x00007ffd9344b000 	C:\WINDOWS\SYSTEM32\IPHLPAPI.DLL
0x00007ffd95e00000 - 0x00007ffd95e08000 	C:\WINDOWS\System32\NSI.dll
0x00007ffd8aa80000 - 0x00007ffd8aa97000 	C:\WINDOWS\SYSTEM32\dhcpcsvc6.DLL
0x00007ffd8c220000 - 0x00007ffd8c23d000 	C:\WINDOWS\SYSTEM32\dhcpcsvc.DLL
0x00007ffd934b0000 - 0x00007ffd9357b000 	C:\WINDOWS\SYSTEM32\DNSAPI.dll
0x00007ffd8ec30000 - 0x00007ffd8ec3a000 	C:\Users\KIM\AppData\Local\Temp\jansi-1.17.1-9497345157967600161.dll

dbghelp: loaded successfully - version: 4.0.5 - missing functions: none
symbol engine: initialized successfully - sym options: 0x614 - pdb path: .;C:\Program Files\java\jdk-13.0.2\bin;C:\WINDOWS\SYSTEM32;C:\WINDOWS\WinSxS\amd64_microsoft.windows.common-controls_6595b64144ccf1df_6.0.19041.1110_none_60b5254171f9507e;C:\Program Files\java\jdk-13.0.2\bin\server;C:\Users\KIM\AppData\Local\Temp

VM Arguments:
jvm_args: -Dmaven.home=EMBEDDED -Dclassworlds.conf=D:\workspace\.metadata\.plugins\org.eclipse.m2e.launching\launches\m2conf10340089412501448637.tmp -Dmaven.multiModuleProjectDirectory=D:\workspace\spring_shop_prac -Djansi.force=true -Djansi.passthrough=true -Dfile.encoding=UTF-8 
java_command: org.codehaus.plexus.classworlds.launcher.Launcher -Ppom.xml -B install -Dstyle.color=always
java_class_path (initial): D:\IDE\sts-4.11.0.RELEASE\plugins\org.eclipse.m2e.maven.runtime_1.18.0.20210603-1206\jars\plexus-classworlds-2.6.0.jar
Launcher Type: SUN_STANDARD

[Global flags]
     intx CICompilerCount                          = 4                                         {product} {ergonomic}
     uint ConcGCThreads                            = 2                                         {product} {ergonomic}
     uint G1ConcRefinementThreads                  = 8                                         {product} {ergonomic}
   size_t G1HeapRegionSize                         = 1048576                                   {product} {ergonomic}
    uintx GCDrainStackTargetSize                   = 64                                        {product} {ergonomic}
   size_t InitialHeapSize                          = 264241152                                 {product} {ergonomic}
   size_t MarkStackSize                            = 4194304                                   {product} {ergonomic}
   size_t MaxHeapSize                              = 4225761280                                {product} {ergonomic}
   size_t MaxNewSize                               = 2535456768                                {product} {ergonomic}
   size_t MinHeapDeltaBytes                        = 1048576                                   {product} {ergonomic}
   size_t MinHeapSize                              = 8388608                                   {product} {ergonomic}
    uintx NonNMethodCodeHeapSize                   = 5839372                                {pd product} {ergonomic}
    uintx NonProfiledCodeHeapSize                  = 122909434                              {pd product} {ergonomic}
    uintx ProfiledCodeHeapSize                     = 122909434                              {pd product} {ergonomic}
    uintx ReservedCodeCacheSize                    = 251658240                              {pd product} {ergonomic}
     bool SegmentedCodeCache                       = true                                      {product} {ergonomic}
   size_t SoftMaxHeapSize                          = 4225761280                             {manageable} {ergonomic}
     bool UseCompressedClassPointers               = true                                 {lp64_product} {ergonomic}
     bool UseCompressedOops                        = true                                 {lp64_product} {ergonomic}
     bool UseG1GC                                  = true                                      {product} {ergonomic}
     bool UseLargePagesIndividualAllocation        = false                                  {pd product} {ergonomic}

Logging:
Log output configuration:
 #0: stdout all=warning uptime,level,tags
 #1: stderr all=off uptime,level,tags

Environment Variables:
JAVA_HOME=C:\Program Files\java\jdk-13.0.2
CLASSPATH=C:\Program Files\java\jdk-13.0.2\lib;.;C:\Program Files (x86)\QuickTime\QTSystem\QTJava.zip;
PATH=C:/Program Files/java/jdk-13.0.2/bin/server;C:/Program Files/java/jdk-13.0.2/bin;C:\Program Files (x86)\H2\bin\bin;C:\Program Files\java\jdk-13.0.2\bin;C:\ProgramData\Anaconda3;C:\ProgramData\Anaconda3\Library\mingw-w64\bin;C:\ProgramData\Anaconda3\Library\usr\bin;C:\ProgramData\Anaconda3\Library\bin;C:\ProgramData\Anaconda3\Scripts;C:\WINDOWS\system32;C:\WINDOWS;C:\WINDOWS\System32\Wbem;C:\WINDOWS\System32\WindowsPowerShell\v1.0\;C:\WINDOWS\System32\OpenSSH\;C:\ProgramData\Microsoft\Windows\Start Menu\Programs\Python 3.7;D:\Git\cmd;C:\Program Files\nodejs\;D:\matlab\bin;C:\Program Files (x86)\QuickTime\QTSystem\;C:\ProgramData\chocolatey\bin;C:\ProgramData\chocolatey\lib\maven\apache-maven-3.8.2\bin;C:\Program Files\MySQL\MySQL Server 8.0\bin;C:\Program Files (x86)\H2\bin\bin;C:\Program Files\Amazon Corretto\jdk11.0.8_10\bin;C:\ProgramData\Anaconda3;C:\ProgramData\Anaconda3\Library\mingw-w64\bin;C:\ProgramData\Anaconda3\Library\usr\bin;C:\ProgramData\Anaconda3\Library\bin;C:\ProgramData\Anaconda3\Scripts;C:\WINDOWS\system32;C:\WINDOWS;C:\WINDOWS\System32\Wbem;C:\WINDOWS\System32\WindowsPowerShell\v1.0\;C:\WINDOWS\System32\OpenSSH\;C:\ProgramData\Microsoft\Windows\Start Menu\Programs\Python 3.7;D:\Git\cmd;C:\Program Files\nodejs\;D:\matlab\bin;C:\Program Files (x86)\QuickTime\QTSystem\;C:\Users\KIM\AppData\Local\Microsoft\WindowsApps;C:\Users\KIM\AppData\Roaming\npm;C:\Users\KIM\AppData\Local\Programs\Microsoft VS Code\bin;D:\TomcatServer\apache-tomcat-8.5.72;;D:\IDE\sts-4.11.0.RELEASE;
USERNAME=KIM
OS=Windows_NT
PROCESSOR_IDENTIFIER=Intel64 Family 6 Model 126 Stepping 5, GenuineIntel



---------------  S Y S T E M  ---------------

OS: Windows 10 , 64 bit Build 19041 (10.0.19041.1503)

CPU:total 8 (initial active 8) (4 cores per cpu, 2 threads per core) family 6 model 126 stepping 5, cmov, cx8, fxsr, mmx, sse, sse2, sse3, ssse3, sse4.1, sse4.2, popcnt, avx, avx2, aes, clmul, erms, 3dnowpref, lzcnt, ht, tsc, tscinvbit, bmi1, bmi2, adx, evex, sha, fma

Memory: 4k page, system-wide physical 16118M (5376M free)
TotalPageFile size 16118M (AvailPageFile size 5M)
current process WorkingSet (physical memory assigned to process): 403M, peak: 403M
current process commit charge ("private bytes"): 471M, peak: 471M

vm_info: OpenJDK 64-Bit Server VM (13.0.2+8) for windows-amd64 JRE (13.0.2+8), built on Dec 11 2019 09:20:05 by "mach5one" with unknown MS VC++:1916

END.
